__________________________________________________________________________________________________________________________________
                                                          P4                                                                      
__________________________________________________________________________________________________________________________________
Generation 12

Rank = 1 ,  Ensemble Genome , 4 Members :
 member 0, weight = 0.15567, Polynomial Regression, Polynomial Type = Full Quadratic, Output Transformation Type = None, Confidence Level = 0.93
 member 1, weight = 0.15924, Polynomial Regression, Polynomial Type = Full Quadratic, Output Transformation Type = Yeo-Johnson, Confidence Level = 0.95
 member 2, weight = 0.32961,  Kriging, Kernel Type = Damped Sin, Kernel Variation Type = Anisotropic, Regression Type = Constant
 member 3, weight = 0.35548,  Kriging, Kernel Type = Damped Sin, Kernel Variation Type = Anisotropic, Regression Type = Pure Quadratic
 GOFs: RMSE = 0.00026241, PRESS_RMSE = 0.00101643, PRESS_R2 = 0.870068, PRESS_RMAE = 0.777304, PRESS_RAAE = 0.281994



__________________________________________________________________________________________________________________________________
                                                          P5                                                                      
__________________________________________________________________________________________________________________________________
Generation 12

Rank = 1 ,  Ensemble Genome , 3 Members :
 member 0, weight = 0.30559, Polynomial Regression, Polynomial Type = Full Quadratic, Output Transformation Type = Yeo-Johnson, Confidence Level = 0.95
 member 1, weight = 0.45636,  Kriging, Kernel Type = Damped Sin, Kernel Variation Type = Anisotropic, Regression Type = Constant
 member 2, weight = 0.23805,  Kriging, Kernel Type = Bessel, Kernel Variation Type = Anisotropic, Regression Type = Constant
 GOFs: RMSE = 0.00321883, PRESS_RMSE = 0.00871995, PRESS_R2 = 0.978065, PRESS_RMAE = 0.253914, PRESS_RAAE = 0.122698



__________________________________________________________________________________________________________________________________
                                                          P17                                                                      
__________________________________________________________________________________________________________________________________
Generation 12

Rank = 1 ,  Ensemble Genome , 3 Members :
 member 0, weight = 0.37706,  Linear Basis function, Regression Type = Linear, Support Vector Kernel Type = Damped Sinus
 member 1, weight = 0.33555,  Kriging, Kernel Type = Gaussian, Kernel Variation Type = Anisotropic, Regression Type = Constant
 member 2, weight = 0.28739, Polynomial Regression, Polynomial Type = Full Quadratic, Output Transformation Type = Yeo-Johnson, Confidence Level = 0.95
 GOFs: RMSE = 164.087, PRESS_RMSE = 1001.06, PRESS_R2 = 0.996611, PRESS_RMAE = 0.149405, PRESS_RAAE = 0.0472816



