 This run of the CFX Release 19.1 Solver started at 21:44:01 on 08 Dec
 2018 by user Jamie on JAMIE-DESKTOP (intel_xeon64.sse2_winnt) using the
 command:
 
  "B:\Programs\ANSYS Inc\ANSYS Student\v191\CFX\bin\perllib\cfx5solve.pl"
    -batch -ccl runInput.ccl -fullname "Fluid Flow CFX_014"
 
 Release 19.1
 
  Point Releases and Patches installed:
  Academic Student Release 19.1
 
 Setting up CFX Solver run ...
 
 
 +--------------------------------------------------------------------+
 |                                                                    |
 |                    CFX Command Language for Run                    |
 |                                                                    |
 +--------------------------------------------------------------------+
 
 LIBRARY:
   CEL:
     EXPRESSIONS:
       inMassFlow = 1500 [kg s^-1]
     END
   END
   MATERIAL: Water
     Material Description = Water (liquid)
     Material Group = Water Data, Constant Property Liquids
     Option = Pure Substance
     Thermodynamic State = Liquid
     PROPERTIES:
       Option = General Material
       EQUATION OF STATE:
         Density = 997.0 [kg m^-3]
         Molar Mass = 18.02 [kg kmol^-1]
         Option = Value
       END
       SPECIFIC HEAT CAPACITY:
         Option = Value
         Specific Heat Capacity = 4181.7 [J kg^-1 K^-1]
         Specific Heat Type = Constant Pressure
       END
       REFERENCE STATE:
         Option = Specified Point
         Reference Pressure = 1 [atm]
         Reference Specific Enthalpy = 0.0 [J/kg]
         Reference Specific Entropy = 0.0 [J/kg/K]
         Reference Temperature = 25 [C]
       END
       DYNAMIC VISCOSITY:
         Dynamic Viscosity = 8.899E-4 [kg m^-1 s^-1]
         Option = Value
       END
       THERMAL CONDUCTIVITY:
         Option = Value
         Thermal Conductivity = 0.6069 [W m^-1 K^-1]
       END
       ABSORPTION COEFFICIENT:
         Absorption Coefficient = 1.0 [m^-1]
         Option = Value
       END
       SCATTERING COEFFICIENT:
         Option = Value
         Scattering Coefficient = 0.0 [m^-1]
       END
       REFRACTIVE INDEX:
         Option = Value
         Refractive Index = 1.0 [m m^-1]
       END
       THERMAL EXPANSIVITY:
         Option = Value
         Thermal Expansivity = 2.57E-04 [K^-1]
       END
     END
   END
 END
 FLOW: Flow Analysis 1
   SOLUTION UNITS:
     Angle Units = [rad]
     Length Units = [m]
     Mass Units = [kg]
     Solid Angle Units = [sr]
     Temperature Units = [K]
     Time Units = [s]
   END
   ANALYSIS TYPE:
     Option = Steady State
     EXTERNAL SOLVER COUPLING:
       Option = None
     END
   END
   DOMAIN: Default Domain
     Coord Frame = Coord 0
     Domain Type = Fluid
     Location = B17
     BOUNDARY: Default Domain Default
       Boundary Type = WALL
       Location = F12.17,F14.17,F16.17,F19.17,F20.17,F21.17
       BOUNDARY CONDITIONS:
         HEAT TRANSFER:
           Option = Adiabatic
         END
         MASS AND MOMENTUM:
           Option = No Slip Wall
         END
         WALL ROUGHNESS:
           Option = Smooth Wall
         END
       END
     END
     BOUNDARY: in1
       Boundary Type = INLET
       Location = in1
       BOUNDARY CONDITIONS:
         FLOW DIRECTION:
           Option = Normal to Boundary Condition
         END
         FLOW REGIME:
           Option = Subsonic
         END
         HEAT TRANSFER:
           Option = Static Temperature
           Static Temperature = 315 [K]
         END
         MASS AND MOMENTUM:
           Mass Flow Rate = inMassFlow
           Mass Flow Rate Area = As Specified
           Option = Mass Flow Rate
         END
         TURBULENCE:
           Option = Medium Intensity and Eddy Viscosity Ratio
         END
       END
     END
     BOUNDARY: in2
       Boundary Type = INLET
       Location = in2
       BOUNDARY CONDITIONS:
         FLOW DIRECTION:
           Option = Normal to Boundary Condition
         END
         FLOW REGIME:
           Option = Subsonic
         END
         HEAT TRANSFER:
           Option = Static Temperature
           Static Temperature = 285 [K]
         END
         MASS AND MOMENTUM:
           Mass Flow Rate = inMassFlow
           Mass Flow Rate Area = As Specified
           Option = Mass Flow Rate
         END
         TURBULENCE:
           Option = Medium Intensity and Eddy Viscosity Ratio
         END
       END
     END
     BOUNDARY: out
       Boundary Type = OUTLET
       Location = out
       BOUNDARY CONDITIONS:
         FLOW REGIME:
           Option = Subsonic
         END
         MASS AND MOMENTUM:
           Option = Static Pressure
           Relative Pressure = 0 [Pa]
         END
       END
     END
     DOMAIN MODELS:
       BUOYANCY MODEL:
         Option = Non Buoyant
       END
       DOMAIN MOTION:
         Option = Stationary
       END
       MESH DEFORMATION:
         Option = None
       END
       REFERENCE PRESSURE:
         Reference Pressure = 1 [atm]
       END
     END
     FLUID DEFINITION: Fluid 1
       Material = Water
       Option = Material Library
       MORPHOLOGY:
         Option = Continuous Fluid
       END
     END
     FLUID MODELS:
       COMBUSTION MODEL:
         Option = None
       END
       HEAT TRANSFER MODEL:
         Option = Thermal Energy
       END
       THERMAL RADIATION MODEL:
         Option = None
       END
       TURBULENCE MODEL:
         Option = k epsilon
       END
       TURBULENT WALL FUNCTIONS:
         Option = Scalable
       END
     END
   END
   OUTPUT CONTROL:
     RESULTS:
       File Compression Level = Default
       Option = Standard
     END
   END
   SOLVER CONTROL:
     Turbulence Numerics = High Resolution
     ADVECTION SCHEME:
       Option = High Resolution
     END
     CONVERGENCE CONTROL:
       Length Scale Option = Conservative
       Maximum Number of Iterations = 100
       Minimum Number of Iterations = 5
       Timescale Control = Auto Timescale
       Timescale Factor = 1.0
     END
     CONVERGENCE CRITERIA:
       Residual Target = 1.E-4
       Residual Type = RMS
     END
     DYNAMIC MODEL CONTROL:
       Global Dynamic Model Control = On
     END
   END
 END
 COMMAND FILE:
   Version = 19.1
   Results Version = 19.1
 END
 PARAMETERIZATION:
   INPUT FIELD: inMassFlow
     Expression Name = inMassFlow
     Method = Expression
   END
 END
 SIMULATION CONTROL:
   EXECUTION CONTROL:
     EXECUTABLE SELECTION:
       Double Precision = No
       Large Problem = No
     END
     INTERPOLATOR STEP CONTROL:
       Runtime Priority = Standard
       MEMORY CONTROL:
         Memory Allocation Factor = 1.0
       END
     END
     PARALLEL HOST LIBRARY:
       HOST DEFINITION: jamiedesktop
         Remote Host Name = JAMIE-DESKTOP
         Host Architecture String = winnt-amd64
         Installation Root = B:\Programs\ANSYS Inc\ANSYS Student\v%v\CFX
       END
     END
     PARTITIONER STEP CONTROL:
       Multidomain Option = Automatic
       Runtime Priority = Standard
       MEMORY CONTROL:
         Memory Allocation Factor = 1.0
       END
       PARTITION SMOOTHING:
         Maximum Partition Smoothing Sweeps = 100
         Option = Smooth
       END
       PARTITIONING TYPE:
         MeTiS Type = k-way
         Option = MeTiS
         Partition Size Rule = Automatic
       END
     END
     RUN DEFINITION:
       Run Mode = Full
       Solver Input File = Fluid Flow CFX.def
       Solver Results File = B:/Documents/GitProjects/CFD/Stick/CFD \
         BackUps/CFD-Static-Mixer/StaticMixerDX_pending/dp7_CFX_Solution/Flui\
         d Flow CFX_014.res
       INITIAL VALUES SPECIFICATION:
         INITIAL VALUES CONTROL:
           Use Mesh From = Solver Input File
           Continue History From = Workbench Initial Values
         END
         INITIAL VALUES: Workbench Initial Values
           Option = Results File
           File Name = Fluid Flow CFX_013.res
         END
       END
     END
     SOLVER STEP CONTROL:
       Runtime Priority = Standard
       MEMORY CONTROL:
         Memory Allocation Factor = 1.0
       END
       PARALLEL ENVIRONMENT:
         Number of Processes = 1
         Start Method = Serial
       END
     END
   END
 END
 
 
 +--------------------------------------------------------------------+
 |                                                                    |
 |                  Interpolation of Initial Values                   |
 |                                                                    |
 +--------------------------------------------------------------------+
 
 


 +--------------------------------------------------------------------+
 |                                                                    |
 |                    ANSYS(R) CFX(R) Interpolator                    |
 |                                                                    |
 | Release 19.1                                                       |
 | Build 19.1 2018-04-17T13:27:50.069000                              |
 | Tue Apr 17 15:02:11 GMTDT 2018                                     |
 |                                                                    |
 |                        Executable Attributes                       |
 |                                                                    |
 |           single-64bit-int32-archfort-optimised-std-lcomp          |
 |                                                                    |
 | (C) 1996-2018 ANSYS, Inc.                                          |
 |                                                                    |
 | All rights reserved. Unauthorized use, distribution or duplication |
 | is prohibited. This product is subject to U.S. laws governing      |
 | export and re-export. For full Legal Notice, see documentation.    |
 +--------------------------------------------------------------------+




 +--------------------------------------------------------------------+
 |                  Job Information at Start of Run                   |
 +--------------------------------------------------------------------+

 Run mode:       serial run

 Host computer:  JAMIE-DESKTOP (PID:11864)

 Job started:    Sat Dec  8 21:44:01 2018


 +--------------------------------------------------------------------+
 |        Memory Allocated for Run  (Actual usage may be less)        |
 +--------------------------------------------------------------------+

           | Real       | Integer    | Character | Logical  | Double
 ----------+------------+------------+-----------+----------+----------
 Mwords    |       2.75 |       3.39 |      0.20 |     0.01 |     0.14
 Mbytes    |      10.50 |      12.93 |      0.19 |     0.04 |     1.09
 ----------+------------+------------+-----------+----------+----------


 +--------------------------------------------------------------------+
 |                  Host Memory Information (Mbytes)                  |
 +--------------------------------------------------------------------+
 |          Host           |     System     |   Allocated    |   %    |
 +-------------------------+----------------+----------------+--------+
 | JAMIE-DESKTOP           |      8138.83   |        24.75   |   0.30 |
 +-------------------------+----------------+----------------+--------+

 ======================================================================
               Interpolating Onto Domain "Default Domain"
 ======================================================================

 Total Number of Nodes in the Target Domain              =        47273
 Bounding Box Volume of the Target Mesh                  =  9.60000E+01


 Checking all source domains from the source file:
   Target mesh is different from domain "Default Domain".

 Searching for Candidate Source Domains:
   Domain "Default Domain"
     Number of Mapped Nodes                     =        45281 ( 95.8%)
     Bounding Box Overlap Volume                =  9.60000E+01 (100.0%)
   Setting Up Unmapped Nodes:
     Number of Unmapped Nodes                   =         1992 (  4.2%)

 Start interpolation of variables: 
   Source Domain Name                                    Mapped Nodes
   Default Domain                                        45281 ( 95.8%)

 +--------------------------------------------------------------------+
 |                     Variable Range Information                     |
 +--------------------------------------------------------------------+
 +--------------------------------------------------------------------+
 |      Variable Name                         |    min    |    max    |
 +--------------------------------------------------------------------+
 | Thermal Conductivity                       |  6.07E-01 |  6.07E-01 |
 | Courant Number                             |  6.76E-01 |  5.88E+01 |
 | Density                                    |  9.97E+02 |  9.97E+02 |
 | Static Enthalpy                            | -5.50E+04 |  7.05E+04 |
 | Static Entropy                             | -1.89E+02 |  2.30E+02 |
 | Pressure                                   | -1.15E+04 |  9.83E+04 |
 | Specific Heat Capacity at Constant Pressure|  4.18E+03 |  4.18E+03 |
 | Specific Heat Capacity at Constant Volume  |  4.18E+03 |  4.18E+03 |
 | Turbulence Eddy Dissipation                |  3.39E-04 |  3.35E+02 |
 | Turbulence Eddy Frequency                  |  7.38E+00 |  2.59E+03 |
 | Temperature                                |  2.85E+02 |  3.15E+02 |
 | Turbulence Kinetic Energy                  |  1.20E-04 |  5.30E+00 |
 | Velocity                                   |  1.88E-01 |  8.31E+00 |
 | Dynamic Viscosity                          |  8.90E-04 |  8.90E-04 |
 | Eddy Viscosity                             |  1.53E-03 |  3.61E+02 |
 +--------------------------------------------------------------------+

 +--------------------------------------------------------------------+
 |                 CPU Requirements of Interpolation                  |
 +--------------------------------------------------------------------+

 Interpolation Step              Time    Percentage
                                (secs.   %total)
 ----------------------------------------------------------------------
 Tree Setup                     3.05E-01   36.1 %
 Interpolation                  2.50E-01   29.6 %
 Unmatched Nodes                3.60E-02    4.3 %
 Miscellaneous                  2.55E-01   30.1 %
                                --------
 Total                          8.46E-01

 +--------------------------------------------------------------------+
 |                   Job Information at End of Run                    |
 +--------------------------------------------------------------------+

 Host computer:  JAMIE-DESKTOP (PID:11864)

 Job finished:   Sat Dec  8 21:44:02 2018

 Total wall clock time: 8.420E-01 seconds
             or: (          0:         0:         0:     0.842 )
                 (       Days:     Hours:   Minutes:   Seconds )

 
 +--------------------------------------------------------------------+
 |                                                                    |
 |                               Solver                               |
 |                                                                    |
 +--------------------------------------------------------------------+
 



 +--------------------------------------------------------------------+
 |                                                                    |
 |                       ANSYS(R) CFX(R) Solver                       |
 |                                                                    |
 | Release 19.1                                                       |
 | Build 19.1 2018-04-17T13:27:50.069000                              |
 | Tue Apr 17 15:02:11 GMTDT 2018                                     |
 |                                                                    |
 |                        Executable Attributes                       |
 |                                                                    |
 |           single-64bit-int32-archfort-optimised-std-lcomp          |
 |                                                                    |
 | (C) 1996-2018 ANSYS, Inc.                                          |
 |                                                                    |
 | All rights reserved. Unauthorized use, distribution or duplication |
 | is prohibited. This product is subject to U.S. laws governing      |
 | export and re-export. For full Legal Notice, see documentation.    |
 +--------------------------------------------------------------------+




 +--------------------------------------------------------------------+
 |                  Job Information at Start of Run                   |
 +--------------------------------------------------------------------+

 Run mode:       serial run

 Host computer:  JAMIE-DESKTOP (PID:5668)

 Job started:    Sat Dec  8 21:44:04 2018

 +--------------------------------------------------------------------+
 |                        License Information                         |
 +--------------------------------------------------------------------+
 
 License Cap:    ANSYS CFX Solver (Max 128K Nodes)
 License ID:     JAMIE-DESKTOP-Jamie-8104-013086


 +--------------------------------------------------------------------+
 |        Memory Allocated for Run  (Actual usage may be less)        |
 +--------------------------------------------------------------------+

           | Real       | Integer    | Character | Logical  | Double
 ----------+------------+------------+-----------+----------+----------
 Mwords    |      21.36 |       7.29 |      7.26 |     0.12 |     0.91
 Mbytes    |      81.47 |      27.79 |      6.93 |     0.46 |     6.93
 ----------+------------+------------+-----------+----------+----------


 +--------------------------------------------------------------------+
 |                  Host Memory Information (Mbytes)                  |
 +--------------------------------------------------------------------+
 |          Host           |     System     |   Allocated    |   %    |
 +-------------------------+----------------+----------------+--------+
 | JAMIE-DESKTOP           |      8138.83   |       123.57   |   1.52 |
 +-------------------------+----------------+----------------+--------+


 +--------------------------------------------------------------------+
 |                     ****** Notice ******                           |
 | The Wall Heat Transfer Coefficient written to the results file for |
 | any turbulent phase with heat transfer is based on the turbulent   |
 | wall function coefficient. It is consistent with the Wall Heat Flux|
 | the wall temperature, and the Wall Adjacent Temperature            |
 | (near-wall temperature).  If you would like it to be based on a    |
 | user-specified bulk temperature instead, please set the expert     |
 | parameter "tbulk for htc = <value>".                               |
 +--------------------------------------------------------------------+

 +--------------------------------------------------------------------+
 |                      Topology Simplification                       |
 +--------------------------------------------------------------------+

 +--------------------------------------------------------------------+
 |                       ****** Warning ******                        |
 |                                                                    |
 | Topology simplification is activated with the following            |
 | restrictions:                                                      |
 |                                                                    |
 | - Mesh regions referenced only within User Fortran and NOT         |
 |   in the command file will cause the solver to stop.               |
 | - The solver will stop during any "Edit Run in Progress" step      |
 |   if new 2D regions are referenced.                                |
 +--------------------------------------------------------------------+

 +--------------------------------------------------------------------+
 |                          Mesh Statistics                           |
 +--------------------------------------------------------------------+
 | Domain Name          | Orthog. Angle | Exp. Factor  | Aspect Ratio |
 +----------------------+---------------+--------------+--------------+
 |                      | Minimum [deg] |   Maximum    |    Maximum   |
 +----------------------+---------------+--------------+--------------+
 | Default Domain       |       37.1 ok |         8 ok |        24 OK |
 +----------------------+---------------+--------------+--------------+
 |                      |  %!  %ok  %OK | %!  %ok  %OK | %!  %ok  %OK |
 +----------------------+---------------+--------------+--------------+
 | Default Domain       |   0   <1  100 |  0   <1  100 |  0    0  100 |
 +----------------------+---------------+--------------+--------------+

 Domain Name : Default Domain

     Total Number of Nodes                                =       47273

     Total Number of Elements                             =      184128
         Total Number of Tetrahedrons                     =      143703
         Total Number of Prisms                           =       40425

     Total Number of Faces                                =       10893

 +--------------------------------------------------------------------+
 |      Initial Conditions Supplied by Fields in the Input Files      |
 +--------------------------------------------------------------------+

 Domain Name : Default Domain
     Courant Number
     Eddy Viscosity
     Pressure
     Specific Heat Capacity at Constant Pressure
     Static Enthalpy
     Static Entropy
     Temperature
     Turbulence Eddy Dissipation
     Turbulence Eddy Frequency
     Turbulence Kinetic Energy
     Velocity

 +--------------------------------------------------------------------+
 |                     Average Scale Information                      |
 +--------------------------------------------------------------------+

 Domain Name : Default Domain
     Global Length                                         = 3.2208E+00
     Minimum Extent                                        = 4.0000E+00
     Maximum Extent                                        = 6.0000E+00
     Density                                               = 9.9700E+02
     Dynamic Viscosity                                     = 8.8990E-04
     Velocity                                              = 6.5637E+00
     Advection Time                                        = 4.9070E-01
     Reynolds Number                                       = 2.3684E+07
     Thermal Conductivity                                  = 6.0690E-01
     Specific Heat Capacity at Constant Pressure           = 4.1817E+03
     Prandtl Number                                        = 6.1316E+00
     Temperature Range                                     = 3.0013E+01

 +--------------------------------------------------------------------+
 |                Checking for Isolated Fluid Regions                 |
 +--------------------------------------------------------------------+
 
 No isolated fluid regions were found.

 +--------------------------------------------------------------------+
 |              The Equations Solved in This Calculation              |
 +--------------------------------------------------------------------+

 Subsystem : Momentum and Mass

   U-Mom
   V-Mom
   W-Mom
   P-Mass

 Subsystem : Heat Transfer

   H-Energy

 Subsystem : TurbKE and Diss.K

   K-TurbKE
   E-Diss.K
                   
 CFD Solver started: Sat Dec  8 21:44:05 2018


 +--------------------------------------------------------------------+
 |                       Convergence History                          |
 +--------------------------------------------------------------------+

 ======================================================================
 |                        Timescale Information                       |
 ----------------------------------------------------------------------
 |       Equation       |         Type          |      Timescale      |
 +----------------------+-----------------------+---------------------+
 | U-Mom                | Auto Timescale        |     1.52607E-01     |
 | V-Mom                | Auto Timescale        |     1.52607E-01     |
 | W-Mom                | Auto Timescale        |     1.52607E-01     |
 +----------------------+-----------------------+---------------------+
 | H-Energy             | Auto Timescale        |     1.52607E-01     |
 +----------------------+-----------------------+---------------------+
 | K-TurbKE             | Auto Timescale        |     1.52607E-01     |
 | E-Diss.K             | Auto Timescale        |     1.52607E-01     |
 +----------------------+-----------------------+---------------------+

 ======================================================================
 OUTER LOOP ITERATION =  516 (    1) CPU SECONDS = 5.440E+02 (1.719E+00)
 ----------------------------------------------------------------------
 |       Equation       | Rate | RMS Res | Max Res |  Linear Solution |
 +----------------------+------+---------+---------+------------------+
 | U-Mom                | 0.00 | 2.4E-03 | 9.7E-02 |       1.1E-01  ok|
 | V-Mom                | 0.00 | 3.4E-03 | 2.6E-01 |       1.1E-01  ok|
 | W-Mom                | 0.00 | 1.6E-03 | 8.3E-02 |       1.2E-01  ok|
 | P-Mass               | 0.00 | 1.0E-03 | 6.5E-02 |  5.1  9.9E-02  OK|
 +----------------------+------+---------+---------+------------------+
 | H-Energy             | 0.00 | 4.0E-03 | 1.8E-01 |  5.4  4.9E-02  OK|
 +----------------------+------+---------+---------+------------------+
 | K-TurbKE             | 0.00 | 3.8E-03 | 4.4E-02 |  5.4  5.5E-02  OK|
 | E-Diss.K             | 0.00 | 2.7E-02 | 6.1E-01 | 12.9  1.1E-03  OK|
 +----------------------+------+---------+---------+------------------+

 ======================================================================
 OUTER LOOP ITERATION =  517 (    2) CPU SECONDS = 5.469E+02 (4.591E+00)
 ----------------------------------------------------------------------
 |       Equation       | Rate | RMS Res | Max Res |  Linear Solution |
 +----------------------+------+---------+---------+------------------+
 | U-Mom                | 0.45 | 1.1E-03 | 2.8E-02 |       9.2E-02  OK|
 | V-Mom                | 0.45 | 1.5E-03 | 9.8E-02 |       9.1E-02  OK|
 | W-Mom                | 0.43 | 6.9E-04 | 3.4E-02 |       1.1E-01  ok|
 | P-Mass               | 0.33 | 3.3E-04 | 1.5E-02 |  9.2  4.5E-02  OK|
 +----------------------+------+---------+---------+------------------+
 | H-Energy             | 0.26 | 1.0E-03 | 3.4E-02 |  5.4  7.7E-02  OK|
 +----------------------+------+---------+---------+------------------+
 | K-TurbKE             | 1.17 | 4.5E-03 | 5.0E-02 |  5.4  6.1E-02  OK|
 | E-Diss.K             | 0.54 | 1.4E-02 | 3.2E-01 | 13.0  4.1E-04  OK|
 +----------------------+------+---------+---------+------------------+

 ======================================================================
 OUTER LOOP ITERATION =  518 (    3) CPU SECONDS = 5.492E+02 (6.881E+00)
 ----------------------------------------------------------------------
 |       Equation       | Rate | RMS Res | Max Res |  Linear Solution |
 +----------------------+------+---------+---------+------------------+
 | U-Mom                | 0.64 | 7.1E-04 | 2.0E-02 |       1.0E-01  ok|
 | V-Mom                | 0.72 | 1.1E-03 | 4.6E-02 |       9.8E-02  OK|
 | W-Mom                | 0.57 | 4.0E-04 | 1.3E-02 |       1.6E-01  ok|
 | P-Mass               | 0.56 | 1.8E-04 | 7.2E-03 |  9.2  5.5E-02  OK|
 +----------------------+------+---------+---------+------------------+
 | H-Energy             | 0.83 | 8.6E-04 | 3.8E-02 |  5.4  5.4E-02  OK|
 +----------------------+------+---------+---------+------------------+
 | K-TurbKE             | 0.52 | 2.3E-03 | 2.5E-02 |  5.4  5.0E-02  OK|
 | E-Diss.K             | 0.34 | 5.0E-03 | 1.1E-01 | 13.0  1.1E-03  OK|
 +----------------------+------+---------+---------+------------------+

 ======================================================================
 OUTER LOOP ITERATION =  519 (    4) CPU SECONDS = 5.515E+02 (9.124E+00)
 ----------------------------------------------------------------------
 |       Equation       | Rate | RMS Res | Max Res |  Linear Solution |
 +----------------------+------+---------+---------+------------------+
 | U-Mom                | 0.79 | 5.6E-04 | 2.1E-02 |       7.1E-02  OK|
 | V-Mom                | 0.53 | 5.9E-04 | 2.9E-02 |       7.3E-02  OK|
 | W-Mom                | 0.64 | 2.6E-04 | 7.9E-03 |       1.4E-01  ok|
 | P-Mass               | 0.63 | 1.2E-04 | 4.0E-03 |  9.2  5.2E-02  OK|
 +----------------------+------+---------+---------+------------------+
 | H-Energy             | 0.84 | 7.3E-04 | 2.3E-02 |  5.4  6.3E-02  OK|
 +----------------------+------+---------+---------+------------------+
 | K-TurbKE             | 0.72 | 1.7E-03 | 2.2E-02 |  5.4  4.3E-02  OK|
 | E-Diss.K             | 0.51 | 2.6E-03 | 3.1E-02 | 13.0  1.1E-03  OK|
 +----------------------+------+---------+---------+------------------+

 ======================================================================
 OUTER LOOP ITERATION =  520 (    5) CPU SECONDS = 5.538E+02 (1.148E+01)
 ----------------------------------------------------------------------
 |       Equation       | Rate | RMS Res | Max Res |  Linear Solution |
 +----------------------+------+---------+---------+------------------+
 | U-Mom                | 0.81 | 4.6E-04 | 1.5E-02 |       3.8E-02  OK|
 | V-Mom                | 0.66 | 3.9E-04 | 1.5E-02 |       4.4E-02  OK|
 | W-Mom                | 0.71 | 1.8E-04 | 5.7E-03 |       1.1E-01  ok|
 | P-Mass               | 0.62 | 7.2E-05 | 2.1E-03 |  9.2  4.2E-02  OK|
 +----------------------+------+---------+---------+------------------+
 | H-Energy             | 0.83 | 6.0E-04 | 1.5E-02 |  5.4  6.9E-02  OK|
 +----------------------+------+---------+---------+------------------+
 | K-TurbKE             | 0.58 | 9.7E-04 | 8.5E-03 |  5.4  3.9E-02  OK|
 | E-Diss.K             | 0.80 | 2.0E-03 | 3.3E-02 | 13.0  1.1E-03  OK|
 +----------------------+------+---------+---------+------------------+

 ======================================================================
 |                        Timescale Information                       |
 ----------------------------------------------------------------------
 |       Equation       |         Type          |      Timescale      |
 +----------------------+-----------------------+---------------------+
 | U-Mom                | Auto Timescale        |     1.60422E-01     |
 | V-Mom                | Auto Timescale        |     1.60422E-01     |
 | W-Mom                | Auto Timescale        |     1.60422E-01     |
 +----------------------+-----------------------+---------------------+
 | H-Energy             | Auto Timescale        |     1.60422E-01     |
 +----------------------+-----------------------+---------------------+
 | K-TurbKE             | Auto Timescale        |     1.60422E-01     |
 | E-Diss.K             | Auto Timescale        |     1.60422E-01     |
 +----------------------+-----------------------+---------------------+

 ======================================================================
 OUTER LOOP ITERATION =  521 (    6) CPU SECONDS = 5.561E+02 (1.378E+01)
 ----------------------------------------------------------------------
 |       Equation       | Rate | RMS Res | Max Res |  Linear Solution |
 +----------------------+------+---------+---------+------------------+
 | U-Mom                | 0.76 | 3.5E-04 | 9.3E-03 |       5.1E-02  OK|
 | V-Mom                | 0.84 | 3.2E-04 | 7.4E-03 |       5.5E-02  OK|
 | W-Mom                | 0.82 | 1.5E-04 | 4.5E-03 |       8.4E-02  OK|
 | P-Mass               | 0.62 | 4.4E-05 | 1.2E-03 |  9.2  4.7E-02  OK|
 +----------------------+------+---------+---------+------------------+
 | H-Energy             | 0.85 | 5.1E-04 | 9.1E-03 |  5.4  7.3E-02  OK|
 +----------------------+------+---------+---------+------------------+
 | K-TurbKE             | 0.72 | 6.9E-04 | 8.0E-03 |  5.4  3.9E-02  OK|
 | E-Diss.K             | 0.67 | 1.4E-03 | 2.4E-02 | 13.0  1.2E-03  OK|
 +----------------------+------+---------+---------+------------------+

 ======================================================================
 OUTER LOOP ITERATION =  522 (    7) CPU SECONDS = 5.584E+02 (1.606E+01)
 ----------------------------------------------------------------------
 |       Equation       | Rate | RMS Res | Max Res |  Linear Solution |
 +----------------------+------+---------+---------+------------------+
 | U-Mom                | 0.77 | 2.7E-04 | 6.3E-03 |       7.4E-02  OK|
 | V-Mom                | 0.84 | 2.7E-04 | 5.9E-03 |       7.6E-02  OK|
 | W-Mom                | 0.88 | 1.3E-04 | 4.2E-03 |       7.5E-02  OK|
 | P-Mass               | 0.73 | 3.2E-05 | 7.3E-04 |  9.2  6.2E-02  OK|
 +----------------------+------+---------+---------+------------------+
 | H-Energy             | 0.87 | 4.4E-04 | 7.2E-03 |  5.4  7.1E-02  OK|
 +----------------------+------+---------+---------+------------------+
 | K-TurbKE             | 0.79 | 5.5E-04 | 8.0E-03 |  5.4  4.4E-02  OK|
 | E-Diss.K             | 0.56 | 7.6E-04 | 1.1E-02 | 13.0  1.6E-03  OK|
 +----------------------+------+---------+---------+------------------+

 ======================================================================
 OUTER LOOP ITERATION =  523 (    8) CPU SECONDS = 5.606E+02 (1.830E+01)
 ----------------------------------------------------------------------
 |       Equation       | Rate | RMS Res | Max Res |  Linear Solution |
 +----------------------+------+---------+---------+------------------+
 | U-Mom                | 0.81 | 2.2E-04 | 5.5E-03 |       8.8E-02  OK|
 | V-Mom                | 0.88 | 2.4E-04 | 6.1E-03 |       8.7E-02  OK|
 | W-Mom                | 0.93 | 1.2E-04 | 3.6E-03 |       8.2E-02  OK|
 | P-Mass               | 0.92 | 3.0E-05 | 5.9E-04 |  9.2  7.6E-02  OK|
 +----------------------+------+---------+---------+------------------+
 | H-Energy             | 0.86 | 3.8E-04 | 4.9E-03 |  5.4  6.8E-02  OK|
 +----------------------+------+---------+---------+------------------+
 | K-TurbKE             | 0.86 | 4.7E-04 | 7.9E-03 |  5.4  6.0E-02  OK|
 | E-Diss.K             | 0.74 | 5.6E-04 | 1.6E-02 | 13.0  1.9E-03  OK|
 +----------------------+------+---------+---------+------------------+

 ======================================================================
 OUTER LOOP ITERATION =  524 (    9) CPU SECONDS = 5.629E+02 (2.061E+01)
 ----------------------------------------------------------------------
 |       Equation       | Rate | RMS Res | Max Res |  Linear Solution |
 +----------------------+------+---------+---------+------------------+
 | U-Mom                | 0.84 | 1.8E-04 | 4.8E-03 |       9.5E-02  OK|
 | V-Mom                | 0.91 | 2.2E-04 | 6.5E-03 |       9.0E-02  OK|
 | W-Mom                | 0.96 | 1.2E-04 | 4.2E-03 |       9.4E-02  OK|
 | P-Mass               | 0.98 | 2.9E-05 | 4.6E-04 |  9.2  8.9E-02  OK|
 +----------------------+------+---------+---------+------------------+
 | H-Energy             | 0.85 | 3.2E-04 | 4.1E-03 |  5.4  7.0E-02  OK|
 +----------------------+------+---------+---------+------------------+
 | K-TurbKE             | 0.89 | 4.2E-04 | 8.2E-03 |  5.4  7.5E-02  OK|
 | E-Diss.K             | 1.01 | 5.7E-04 | 1.9E-02 | 13.0  2.0E-03  OK|
 +----------------------+------+---------+---------+------------------+

 ======================================================================
 OUTER LOOP ITERATION =  525 (   10) CPU SECONDS = 5.651E+02 (2.282E+01)
 ----------------------------------------------------------------------
 |       Equation       | Rate | RMS Res | Max Res |  Linear Solution |
 +----------------------+------+---------+---------+------------------+
 | U-Mom                | 0.86 | 1.6E-04 | 5.3E-03 |       3.8E-02  OK|
 | V-Mom                | 0.92 | 2.0E-04 | 6.8E-03 |       3.5E-02  OK|
 | W-Mom                | 0.97 | 1.1E-04 | 4.4E-03 |       5.2E-02  OK|
 | P-Mass               | 0.96 | 2.8E-05 | 3.6E-04 | 13.3  4.2E-02  OK|
 +----------------------+------+---------+---------+------------------+
 | H-Energy             | 0.86 | 2.8E-04 | 3.6E-03 |  5.4  7.0E-02  OK|
 +----------------------+------+---------+---------+------------------+
 | K-TurbKE             | 0.92 | 3.8E-04 | 9.0E-03 |  5.4  7.8E-02  OK|
 | E-Diss.K             | 1.14 | 6.5E-04 | 2.1E-02 | 13.0  1.9E-03  OK|
 +----------------------+------+---------+---------+------------------+

 ======================================================================
 |                        Timescale Information                       |
 ----------------------------------------------------------------------
 |       Equation       |         Type          |      Timescale      |
 +----------------------+-----------------------+---------------------+
 | U-Mom                | Auto Timescale        |     1.59941E-01     |
 | V-Mom                | Auto Timescale        |     1.59941E-01     |
 | W-Mom                | Auto Timescale        |     1.59941E-01     |
 +----------------------+-----------------------+---------------------+
 | H-Energy             | Auto Timescale        |     1.59941E-01     |
 +----------------------+-----------------------+---------------------+
 | K-TurbKE             | Auto Timescale        |     1.59941E-01     |
 | E-Diss.K             | Auto Timescale        |     1.59941E-01     |
 +----------------------+-----------------------+---------------------+

 ======================================================================
 OUTER LOOP ITERATION =  526 (   11) CPU SECONDS = 5.674E+02 (2.507E+01)
 ----------------------------------------------------------------------
 |       Equation       | Rate | RMS Res | Max Res |  Linear Solution |
 +----------------------+------+---------+---------+------------------+
 | U-Mom                | 0.88 | 1.4E-04 | 5.7E-03 |       3.6E-02  OK|
 | V-Mom                | 0.91 | 1.8E-04 | 6.9E-03 |       3.3E-02  OK|
 | W-Mom                | 0.96 | 1.1E-04 | 4.4E-03 |       4.6E-02  OK|
 | P-Mass               | 1.01 | 2.8E-05 | 2.9E-04 | 13.3  3.7E-02  OK|
 +----------------------+------+---------+---------+------------------+
 | H-Energy             | 0.87 | 2.4E-04 | 3.1E-03 |  5.4  7.0E-02  OK|
 +----------------------+------+---------+---------+------------------+
 | K-TurbKE             | 0.93 | 3.6E-04 | 9.0E-03 |  5.4  7.6E-02  OK|
 | E-Diss.K             | 1.06 | 6.9E-04 | 2.0E-02 | 13.0  2.0E-03  OK|
 +----------------------+------+---------+---------+------------------+

 ======================================================================
 OUTER LOOP ITERATION =  527 (   12) CPU SECONDS = 5.697E+02 (2.735E+01)
 ----------------------------------------------------------------------
 |       Equation       | Rate | RMS Res | Max Res |  Linear Solution |
 +----------------------+------+---------+---------+------------------+
 | U-Mom                | 0.91 | 1.2E-04 | 6.1E-03 |       3.6E-02  OK|
 | V-Mom                | 0.93 | 1.7E-04 | 7.2E-03 |       3.2E-02  OK|
 | W-Mom                | 0.95 | 1.0E-04 | 4.5E-03 |       4.7E-02  OK|
 | P-Mass               | 0.91 | 2.6E-05 | 2.8E-04 | 13.3  4.0E-02  OK|
 +----------------------+------+---------+---------+------------------+
 | H-Energy             | 0.87 | 2.1E-04 | 2.7E-03 |  5.4  7.0E-02  OK|
 +----------------------+------+---------+---------+------------------+
 | K-TurbKE             | 0.95 | 3.4E-04 | 7.3E-03 |  5.4  7.2E-02  OK|
 | E-Diss.K             | 1.00 | 6.9E-04 | 1.9E-02 | 13.0  2.0E-03  OK|
 +----------------------+------+---------+---------+------------------+

 ======================================================================
 OUTER LOOP ITERATION =  528 (   13) CPU SECONDS = 5.719E+02 (2.959E+01)
 ----------------------------------------------------------------------
 |       Equation       | Rate | RMS Res | Max Res |  Linear Solution |
 +----------------------+------+---------+---------+------------------+
 | U-Mom                | 0.93 | 1.2E-04 | 6.4E-03 |       3.6E-02  OK|
 | V-Mom                | 0.92 | 1.6E-04 | 7.4E-03 |       3.3E-02  OK|
 | W-Mom                | 0.94 | 9.8E-05 | 4.4E-03 |       4.9E-02  OK|
 | P-Mass               | 0.92 | 2.4E-05 | 2.5E-04 | 13.3  4.2E-02  OK|
 +----------------------+------+---------+---------+------------------+
 | H-Energy             | 0.87 | 1.8E-04 | 2.4E-03 |  5.4  7.0E-02  OK|
 +----------------------+------+---------+---------+------------------+
 | K-TurbKE             | 0.97 | 3.3E-04 | 6.1E-03 |  5.4  6.8E-02  OK|
 | E-Diss.K             | 0.98 | 6.7E-04 | 1.8E-02 | 13.0  2.0E-03  OK|
 +----------------------+------+---------+---------+------------------+

 ======================================================================
 OUTER LOOP ITERATION =  529 (   14) CPU SECONDS = 5.742E+02 (3.189E+01)
 ----------------------------------------------------------------------
 |       Equation       | Rate | RMS Res | Max Res |  Linear Solution |
 +----------------------+------+---------+---------+------------------+
 | U-Mom                | 0.95 | 1.1E-04 | 6.6E-03 |       3.6E-02  OK|
 | V-Mom                | 0.93 | 1.4E-04 | 7.5E-03 |       3.3E-02  OK|
 | W-Mom                | 0.93 | 9.1E-05 | 4.3E-03 |       5.2E-02  OK|
 | P-Mass               | 0.93 | 2.2E-05 | 2.2E-04 | 13.3  4.3E-02  OK|
 +----------------------+------+---------+---------+------------------+
 | H-Energy             | 0.87 | 1.6E-04 | 2.3E-03 |  5.4  7.0E-02  OK|
 +----------------------+------+---------+---------+------------------+
 | K-TurbKE             | 0.98 | 3.3E-04 | 5.3E-03 |  5.4  6.5E-02  OK|
 | E-Diss.K             | 0.97 | 6.5E-04 | 1.6E-02 | 13.0  2.0E-03  OK|
 +----------------------+------+---------+---------+------------------+

 ======================================================================
 OUTER LOOP ITERATION =  530 (   15) CPU SECONDS = 5.765E+02 (3.416E+01)
 ----------------------------------------------------------------------
 |       Equation       | Rate | RMS Res | Max Res |  Linear Solution |
 +----------------------+------+---------+---------+------------------+
 | U-Mom                | 0.96 | 1.1E-04 | 6.8E-03 |       3.6E-02  OK|
 | V-Mom                | 0.93 | 1.3E-04 | 7.7E-03 |       3.3E-02  OK|
 | W-Mom                | 0.92 | 8.3E-05 | 4.2E-03 |       5.6E-02  OK|
 | P-Mass               | 0.93 | 2.0E-05 | 2.1E-04 | 13.3  4.4E-02  OK|
 +----------------------+------+---------+---------+------------------+
 | H-Energy             | 0.88 | 1.4E-04 | 2.2E-03 |  5.4  7.0E-02  OK|
 +----------------------+------+---------+---------+------------------+
 | K-TurbKE             | 0.99 | 3.2E-04 | 4.0E-03 |  5.4  6.4E-02  OK|
 | E-Diss.K             | 0.96 | 6.2E-04 | 1.5E-02 | 13.0  2.1E-03  OK|
 +----------------------+------+---------+---------+------------------+

 ======================================================================
 |                        Timescale Information                       |
 ----------------------------------------------------------------------
 |       Equation       |         Type          |      Timescale      |
 +----------------------+-----------------------+---------------------+
 | U-Mom                | Auto Timescale        |     1.57858E-01     |
 | V-Mom                | Auto Timescale        |     1.57858E-01     |
 | W-Mom                | Auto Timescale        |     1.57858E-01     |
 +----------------------+-----------------------+---------------------+
 | H-Energy             | Auto Timescale        |     1.57858E-01     |
 +----------------------+-----------------------+---------------------+
 | K-TurbKE             | Auto Timescale        |     1.57858E-01     |
 | E-Diss.K             | Auto Timescale        |     1.57858E-01     |
 +----------------------+-----------------------+---------------------+

 ======================================================================
 OUTER LOOP ITERATION =  531 (   16) CPU SECONDS = 5.788E+02 (3.646E+01)
 ----------------------------------------------------------------------
 |       Equation       | Rate | RMS Res | Max Res |  Linear Solution |
 +----------------------+------+---------+---------+------------------+
 | U-Mom                | 0.97 | 1.0E-04 | 6.8E-03 |       3.5E-02  OK|
 | V-Mom                | 0.93 | 1.3E-04 | 7.7E-03 |       3.3E-02  OK|
 | W-Mom                | 0.92 | 7.6E-05 | 4.1E-03 |       6.0E-02  OK|
 | P-Mass               | 0.93 | 1.9E-05 | 2.1E-04 | 13.3  4.5E-02  OK|
 +----------------------+------+---------+---------+------------------+
 | H-Energy             | 0.88 | 1.2E-04 | 2.1E-03 |  5.4  6.8E-02  OK|
 +----------------------+------+---------+---------+------------------+
 | K-TurbKE             | 0.99 | 3.2E-04 | 3.7E-03 |  5.4  6.2E-02  OK|
 | E-Diss.K             | 0.95 | 5.9E-04 | 1.4E-02 | 13.0  2.1E-03  OK|
 +----------------------+------+---------+---------+------------------+

 ======================================================================
 OUTER LOOP ITERATION =  532 (   17) CPU SECONDS = 5.811E+02 (3.878E+01)
 ----------------------------------------------------------------------
 |       Equation       | Rate | RMS Res | Max Res |  Linear Solution |
 +----------------------+------+---------+---------+------------------+
 | U-Mom                | 0.96 | 9.9E-05 | 6.6E-03 |       3.6E-02  OK|
 | V-Mom                | 0.94 | 1.2E-04 | 7.5E-03 |       3.3E-02  OK|
 | W-Mom                | 0.92 | 7.0E-05 | 3.9E-03 |       6.5E-02  OK|
 | P-Mass               | 0.94 | 1.8E-05 | 2.1E-04 | 13.3  4.6E-02  OK|
 +----------------------+------+---------+---------+------------------+
 | H-Energy             | 0.90 | 1.1E-04 | 2.2E-03 |  5.4  6.9E-02  OK|
 +----------------------+------+---------+---------+------------------+
 | K-TurbKE             | 0.98 | 3.1E-04 | 3.9E-03 |  5.4  6.1E-02  OK|
 | E-Diss.K             | 0.95 | 5.6E-04 | 1.3E-02 | 13.0  2.1E-03  OK|
 +----------------------+------+---------+---------+------------------+

 ======================================================================
 OUTER LOOP ITERATION =  533 (   18) CPU SECONDS = 5.835E+02 (4.119E+01)
 ----------------------------------------------------------------------
 |       Equation       | Rate | RMS Res | Max Res |  Linear Solution |
 +----------------------+------+---------+---------+------------------+
 | U-Mom                | 0.96 | 9.5E-05 | 6.5E-03 |       3.6E-02  OK|
 | V-Mom                | 0.95 | 1.1E-04 | 7.1E-03 |       3.3E-02  OK|
 | W-Mom                | 0.92 | 6.5E-05 | 3.7E-03 |       7.1E-02  OK|
 | P-Mass               | 0.94 | 1.7E-05 | 2.0E-04 | 13.3  4.7E-02  OK|
 +----------------------+------+---------+---------+------------------+
 | H-Energy             | 0.91 | 1.0E-04 | 2.2E-03 |  5.4  7.0E-02  OK|
 +----------------------+------+---------+---------+------------------+
 | K-TurbKE             | 0.98 | 3.1E-04 | 4.3E-03 |  5.4  6.1E-02  OK|
 | E-Diss.K             | 0.96 | 5.4E-04 | 1.2E-02 | 13.0  2.1E-03  OK|
 +----------------------+------+---------+---------+------------------+

 ======================================================================
 OUTER LOOP ITERATION =  534 (   19) CPU SECONDS = 5.858E+02 (4.346E+01)
 ----------------------------------------------------------------------
 |       Equation       | Rate | RMS Res | Max Res |  Linear Solution |
 +----------------------+------+---------+---------+------------------+
 | U-Mom                | 0.96 | 9.1E-05 | 6.6E-03 |       3.6E-02  OK|
 | V-Mom                | 0.95 | 1.1E-04 | 5.9E-03 |       3.3E-02  OK|
 | W-Mom                | 0.93 | 6.0E-05 | 3.4E-03 |       7.6E-02  OK|
 | P-Mass               | 0.95 | 1.6E-05 | 1.8E-04 | 13.3  4.9E-02  OK|
 +----------------------+------+---------+---------+------------------+
 | H-Energy             | 0.92 | 9.3E-05 | 2.1E-03 |  5.4  7.3E-02  OK|
 +----------------------+------+---------+---------+------------------+
 | K-TurbKE             | 0.97 | 3.0E-04 | 4.5E-03 |  5.4  6.0E-02  OK|
 | E-Diss.K             | 0.95 | 5.1E-04 | 1.1E-02 | 13.0  2.1E-03  OK|
 +----------------------+------+---------+---------+------------------+

 ======================================================================
 OUTER LOOP ITERATION =  535 (   20) CPU SECONDS = 5.881E+02 (4.576E+01)
 ----------------------------------------------------------------------
 |       Equation       | Rate | RMS Res | Max Res |  Linear Solution |
 +----------------------+------+---------+---------+------------------+
 | U-Mom                | 0.96 | 8.7E-05 | 6.8E-03 |       3.6E-02  OK|
 | V-Mom                | 0.95 | 1.0E-04 | 5.5E-03 |       3.3E-02  OK|
 | W-Mom                | 0.94 | 5.7E-05 | 3.1E-03 |       7.9E-02  OK|
 | P-Mass               | 0.95 | 1.5E-05 | 1.7E-04 | 13.3  5.0E-02  OK|
 +----------------------+------+---------+---------+------------------+
 | H-Energy             | 0.93 | 8.7E-05 | 2.0E-03 |  5.4  7.7E-02  OK|
 +----------------------+------+---------+---------+------------------+
 | K-TurbKE             | 0.97 | 2.9E-04 | 4.6E-03 |  5.4  6.0E-02  OK|
 | E-Diss.K             | 0.95 | 4.9E-04 | 9.9E-03 | 13.0  2.1E-03  OK|
 +----------------------+------+---------+---------+------------------+

 ======================================================================
 |                        Timescale Information                       |
 ----------------------------------------------------------------------
 |       Equation       |         Type          |      Timescale      |
 +----------------------+-----------------------+---------------------+
 | U-Mom                | Auto Timescale        |     1.55660E-01     |
 | V-Mom                | Auto Timescale        |     1.55660E-01     |
 | W-Mom                | Auto Timescale        |     1.55660E-01     |
 +----------------------+-----------------------+---------------------+
 | H-Energy             | Auto Timescale        |     1.55660E-01     |
 +----------------------+-----------------------+---------------------+
 | K-TurbKE             | Auto Timescale        |     1.55660E-01     |
 | E-Diss.K             | Auto Timescale        |     1.55660E-01     |
 +----------------------+-----------------------+---------------------+

 ======================================================================
 OUTER LOOP ITERATION =  536 (   21) CPU SECONDS = 5.904E+02 (4.804E+01)
 ----------------------------------------------------------------------
 |       Equation       | Rate | RMS Res | Max Res |  Linear Solution |
 +----------------------+------+---------+---------+------------------+
 | U-Mom                | 0.97 | 8.4E-05 | 7.0E-03 |       3.4E-02  OK|
 | V-Mom                | 0.95 | 9.7E-05 | 5.8E-03 |       3.3E-02  OK|
 | W-Mom                | 0.95 | 5.4E-05 | 2.8E-03 |       8.0E-02  OK|
 | P-Mass               | 0.95 | 1.4E-05 | 1.6E-04 | 13.3  5.0E-02  OK|
 +----------------------+------+---------+---------+------------------+
 | H-Energy             | 0.94 | 8.1E-05 | 1.9E-03 |  5.4  8.1E-02  OK|
 +----------------------+------+---------+---------+------------------+
 | K-TurbKE             | 0.96 | 2.8E-04 | 4.5E-03 |  5.4  5.9E-02  OK|
 | E-Diss.K             | 0.94 | 4.6E-04 | 8.8E-03 | 13.0  2.0E-03  OK|
 +----------------------+------+---------+---------+------------------+
                   
 CFD Solver finished: Sat Dec  8 21:44:54 2018
 CFD Solver wall clock seconds: 4.8590E+01

 ======================================================================
              Termination and Interrupt Condition Summary
 ======================================================================
    
 CFD Solver: All target criteria reached
   (Equation residuals)

 ======================================================================
              Boundary Flow and Total Source Term Summary
 ======================================================================

 +--------------------------------------------------------------------+
 |                               U-Mom                                |
 +--------------------------------------------------------------------+
 Boundary         : Default Domain Default                 -2.2395E-01
 Boundary         : in1                                     6.2954E-05
 Boundary         : in2                                    -6.2383E-05
 Boundary         : out                                    -8.1687E+00
                                                           -----------
 Domain Imbalance :                                        -8.3926E+00

 +--------------------------------------------------------------------+
 |                               V-Mom                                |
 +--------------------------------------------------------------------+
 Boundary         : Default Domain Default                  1.0974E+02
 Boundary         : in1                                     7.5147E+04
 Boundary         : in2                                    -7.5271E+04
 Boundary         : out                                    -4.3488E+00
                                                           -----------
 Domain Imbalance :                                        -1.7700E+01

 +--------------------------------------------------------------------+
 |                               W-Mom                                |
 +--------------------------------------------------------------------+
 Boundary         : Default Domain Default                 -1.2297E+04
 Boundary         : in1                                    -1.1016E-05
 Boundary         : in2                                    -1.3140E-05
 Boundary         : out                                     1.2337E+04
                                                           -----------
 Domain Imbalance :                                         4.0375E+01

 +--------------------------------------------------------------------+
 |                               P-Mass                               |
 +--------------------------------------------------------------------+
 Boundary         : in1                                     1.5000E+03
 Boundary         : in2                                     1.5000E+03
 Boundary         : out                                    -2.9996E+03
                                                           -----------
 Domain Imbalance :                                         3.7646E-01

 +--------------------------------------------------------------------+
 |                              H-Energy                              |
 +--------------------------------------------------------------------+
 Boundary         : in1                                     1.0569E+08
 Boundary         : in2                                    -8.2484E+07
 Boundary         : out                                    -2.4351E+07
                                                           -----------
 Domain Imbalance :                                        -1.1431E+06


 +--------------------------------------------------------------------+
 |                     Normalised Imbalance Summary                   |
 +--------------------------------------------------------------------+
 |       Equation       |      Maximum Flow     |     Imbalance (%)   |
 +--------------------------------------------------------------------+
 | U-Mom                |       7.5271E+04      |       -0.0111       |
 | V-Mom                |       7.5271E+04      |       -0.0235       |
 | W-Mom                |       7.5271E+04      |        0.0536       |
 | P-Mass               |       2.9996E+03      |        0.0126       |
 +----------------------+-----------------------+---------------------+
 | H-Energy             |       1.0569E+08      |       -1.0815       |
 +----------------------+-----------------------+---------------------+

 ======================================================================
                     Wall Force and Moment Summary
 ======================================================================
                                                                          
 Notes:
 1. Pressure integrals exclude the reference pressure.  To include
    it, set the expert parameter 'include pref in forces = t'.


 +--------------------------------------------------------------------+
 |                      Pressure Force On Walls                       |
 +--------------------------------------------------------------------+
                                    X-Comp.      Y-Comp.      Z-Comp.

 Domain Group: Default Domain

 Default Domain Default           4.7754E+00  -1.1164E+02   1.2404E+04
                                  -----------  -----------  -----------
 Domain Group Totals :            4.7754E+00  -1.1164E+02   1.2404E+04


 +--------------------------------------------------------------------+
 |                       Viscous Force On Walls                       |
 +--------------------------------------------------------------------+
                                    X-Comp.      Y-Comp.      Z-Comp.

 Domain Group: Default Domain

 Default Domain Default          -4.9845E+00   1.9791E+00  -1.0715E+02
                                  -----------  -----------  -----------
 Domain Group Totals :           -4.9845E+00   1.9791E+00  -1.0715E+02


 +--------------------------------------------------------------------+
 |                      Pressure Moment On Walls                      |
 +--------------------------------------------------------------------+
                                    X-Comp.      Y-Comp.      Z-Comp.

 Domain Group: Default Domain

 Default Domain Default          -1.6207E+02   1.3392E+02  -1.3104E+05
                                  -----------  -----------  -----------
 Domain Group Totals :           -1.6207E+02   1.3392E+02  -1.3104E+05


 +--------------------------------------------------------------------+
 |                       Viscous Moment On Walls                      |
 +--------------------------------------------------------------------+
                                    X-Comp.      Y-Comp.      Z-Comp.

 Domain Group: Default Domain

 Default Domain Default          -2.0186E-01  -7.6542E+00  -7.3429E+03
                                  -----------  -----------  -----------
 Domain Group Totals :           -2.0186E-01  -7.6542E+00  -7.3429E+03


 +--------------------------------------------------------------------+
 |                   Locations of Maximum Residuals                   |
 +--------------------------------------------------------------------+
 |       Equation       |      Domain Name      |     Node Number     |
 +--------------------------------------------------------------------+
 | U-Mom                | Default Domain        |          42721      |
 | V-Mom                | Default Domain        |          42721      |
 | W-Mom                | Default Domain        |          42487      |
 | P-Mass               | Default Domain        |          42958      |
 +----------------------+-----------------------+---------------------+
 | H-Energy             | Default Domain        |          42487      |
 +----------------------+-----------------------+---------------------+
 | K-TurbKE             | Default Domain        |          35674      |
 | E-Diss.K             | Default Domain        |          46227      |
 +----------------------+-----------------------+---------------------+

 ======================================================================
 |                     False Transient Information                    |
 +--------------------------------------------------------------------+
 |       Equation       |         Type          | Elapsed Pseudo-Time |
 +--------------------------------------------------------------------+
 | U-Mom                | Auto Timescale        |     3.30980E+00     |
 | V-Mom                | Auto Timescale        |     3.30980E+00     |
 | W-Mom                | Auto Timescale        |     3.30980E+00     |
 +----------------------+-----------------------+---------------------+
 | H-Energy             | Auto Timescale        |     3.30980E+00     |
 +----------------------+-----------------------+---------------------+
 | K-TurbKE             | Auto Timescale        |     3.30980E+00     |
 | E-Diss.K             | Auto Timescale        |     3.30980E+00     |
 +----------------------+-----------------------+---------------------+

 +--------------------------------------------------------------------+
 |                     Average Scale Information                      |
 +--------------------------------------------------------------------+

 Domain Name : Default Domain
     Global Length                                         = 3.2208E+00
     Minimum Extent                                        = 4.0000E+00
     Maximum Extent                                        = 6.0000E+00
     Density                                               = 9.9700E+02
     Dynamic Viscosity                                     = 8.8990E-04
     Velocity                                              = 6.4700E+00
     Advection Time                                        = 4.9780E-01
     Reynolds Number                                       = 2.3346E+07
     Thermal Conductivity                                  = 6.0690E-01
     Specific Heat Capacity at Constant Pressure           = 4.1817E+03
     Prandtl Number                                        = 6.1316E+00
     Temperature Range                                     = 3.0012E+01

 +--------------------------------------------------------------------+
 |                     Variable Range Information                     |
 +--------------------------------------------------------------------+

 Domain Name : Default Domain
 +--------------------------------------------------------------------+
 |      Variable Name                         |    min    |    max    |
 +--------------------------------------------------------------------+
 | Density                                    |  9.97E+02 |  9.97E+02 |
 | Specific Heat Capacity at Constant Pressure|  4.18E+03 |  4.18E+03 |
 | Dynamic Viscosity                          |  8.90E-04 |  8.90E-04 |
 | Thermal Conductivity                       |  6.07E-01 |  6.07E-01 |
 | Static Entropy                             | -1.89E+02 |  2.30E+02 |
 | Velocity u                                 | -7.65E+00 |  7.66E+00 |
 | Velocity v                                 | -7.98E+00 |  7.99E+00 |
 | Velocity w                                 | -5.77E+00 |  2.19E+00 |
 | Pressure                                   | -1.16E+04 |  9.52E+04 |
 | Turbulence Kinetic Energy                  |  1.13E-04 |  5.18E+00 |
 | Turbulence Eddy Dissipation                |  3.16E-04 |  3.27E+02 |
 | Eddy Viscosity                             |  1.69E-03 |  3.54E+02 |
 | Temperature                                |  2.85E+02 |  3.15E+02 |
 | Static Enthalpy                            | -5.50E+04 |  7.05E+04 |
 +--------------------------------------------------------------------+

 +--------------------------------------------------------------------+
 |               CPU Requirements of Numerical Solution               |
 +--------------------------------------------------------------------+

 Subsystem Name                  Discretization       Linear Solution
                                (secs.   %total)     (secs.   %total) 
 ----------------------------------------------------------------------
 Momentum and Mass              1.73E+01  33.8 %     4.83E+00   9.4 %
 Heat Transfer                  5.88E+00  11.5 %     1.86E+00   3.6 %
 TurbKE and Diss.K              8.88E+00  17.3 %     4.36E+00   8.5 %
                                -------- -------     --------  ------
 Subsystem Summary              3.21E+01  62.5 %     1.10E+01  21.5 %

 File Reading                   4.10E-02    0.1 %
 Variable Updates               5.22E+00   10.2 %
 File Writing                   6.31E-01    1.2 %
 Miscellaneous                  2.28E+00    4.4 %
                                --------
 Total                          5.13E+01

 +--------------------------------------------------------------------+
 |                   Job Information at End of Run                    |
 +--------------------------------------------------------------------+

 Host computer:  JAMIE-DESKTOP (PID:5668)

 Job finished:   Sat Dec  8 21:44:55 2018

 Total wall clock time: 5.129E+01 seconds
             or: (          0:         0:         0:    51.295 )
                 (       Days:     Hours:   Minutes:   Seconds )

End of solution stage.

 +--------------------------------------------------------------------+
 | The results from this run of the ANSYS CFX Solver have been        |
 | written to B:/Documents/GitProjects/CFD/Stick/CFD                  |
 | BackUps/CFD-Static-Mixer/StaticMixerDX_pending/dp7_CFX_Solution/F- |
 | luid Flow CFX_014.res                                              |
 +--------------------------------------------------------------------+


 +--------------------------------------------------------------------+
 | For CFX runs launched from Workbench, the final locations of       |
 | directories and files generated may differ from those shown.       |
 +--------------------------------------------------------------------+


This run of the ANSYS CFX Solver has finished.
