 This run of the CFX Release 19.1 Solver started at 22:25:32 on 08 Dec
 2018 by user Jamie on JAMIE-DESKTOP (intel_xeon64.sse2_winnt) using the
 command:
 
  "B:\Programs\ANSYS Inc\ANSYS Student\v191\CFX\bin\perllib\cfx5solve.pl"
    -batch -ccl runInput.ccl -fullname "Fluid Flow CFX_013"
 
 Release 19.1
 
  Point Releases and Patches installed:
  Academic Student Release 19.1
 
 Setting up CFX Solver run ...
 
 
 +--------------------------------------------------------------------+
 |                                                                    |
 |                    CFX Command Language for Run                    |
 |                                                                    |
 +--------------------------------------------------------------------+
 
 LIBRARY:
   CEL:
     EXPRESSIONS:
       inMassFlow = 1500 [kg s^-1]
     END
   END
   MATERIAL: Water
     Material Description = Water (liquid)
     Material Group = Water Data, Constant Property Liquids
     Option = Pure Substance
     Thermodynamic State = Liquid
     PROPERTIES:
       Option = General Material
       EQUATION OF STATE:
         Density = 997.0 [kg m^-3]
         Molar Mass = 18.02 [kg kmol^-1]
         Option = Value
       END
       SPECIFIC HEAT CAPACITY:
         Option = Value
         Specific Heat Capacity = 4181.7 [J kg^-1 K^-1]
         Specific Heat Type = Constant Pressure
       END
       REFERENCE STATE:
         Option = Specified Point
         Reference Pressure = 1 [atm]
         Reference Specific Enthalpy = 0.0 [J/kg]
         Reference Specific Entropy = 0.0 [J/kg/K]
         Reference Temperature = 25 [C]
       END
       DYNAMIC VISCOSITY:
         Dynamic Viscosity = 8.899E-4 [kg m^-1 s^-1]
         Option = Value
       END
       THERMAL CONDUCTIVITY:
         Option = Value
         Thermal Conductivity = 0.6069 [W m^-1 K^-1]
       END
       ABSORPTION COEFFICIENT:
         Absorption Coefficient = 1.0 [m^-1]
         Option = Value
       END
       SCATTERING COEFFICIENT:
         Option = Value
         Scattering Coefficient = 0.0 [m^-1]
       END
       REFRACTIVE INDEX:
         Option = Value
         Refractive Index = 1.0 [m m^-1]
       END
       THERMAL EXPANSIVITY:
         Option = Value
         Thermal Expansivity = 2.57E-04 [K^-1]
       END
     END
   END
 END
 FLOW: Flow Analysis 1
   SOLUTION UNITS:
     Angle Units = [rad]
     Length Units = [m]
     Mass Units = [kg]
     Solid Angle Units = [sr]
     Temperature Units = [K]
     Time Units = [s]
   END
   ANALYSIS TYPE:
     Option = Steady State
     EXTERNAL SOLVER COUPLING:
       Option = None
     END
   END
   DOMAIN: Default Domain
     Coord Frame = Coord 0
     Domain Type = Fluid
     Location = B17
     BOUNDARY: Default Domain Default
       Boundary Type = WALL
       Location = F12.17,F14.17,F16.17,F19.17,F20.17,F21.17
       BOUNDARY CONDITIONS:
         HEAT TRANSFER:
           Option = Adiabatic
         END
         MASS AND MOMENTUM:
           Option = No Slip Wall
         END
         WALL ROUGHNESS:
           Option = Smooth Wall
         END
       END
     END
     BOUNDARY: in1
       Boundary Type = INLET
       Location = in1
       BOUNDARY CONDITIONS:
         FLOW DIRECTION:
           Option = Normal to Boundary Condition
         END
         FLOW REGIME:
           Option = Subsonic
         END
         HEAT TRANSFER:
           Option = Static Temperature
           Static Temperature = 315 [K]
         END
         MASS AND MOMENTUM:
           Mass Flow Rate = inMassFlow
           Mass Flow Rate Area = As Specified
           Option = Mass Flow Rate
         END
         TURBULENCE:
           Option = Medium Intensity and Eddy Viscosity Ratio
         END
       END
     END
     BOUNDARY: in2
       Boundary Type = INLET
       Location = in2
       BOUNDARY CONDITIONS:
         FLOW DIRECTION:
           Option = Normal to Boundary Condition
         END
         FLOW REGIME:
           Option = Subsonic
         END
         HEAT TRANSFER:
           Option = Static Temperature
           Static Temperature = 285 [K]
         END
         MASS AND MOMENTUM:
           Mass Flow Rate = inMassFlow
           Mass Flow Rate Area = As Specified
           Option = Mass Flow Rate
         END
         TURBULENCE:
           Option = Medium Intensity and Eddy Viscosity Ratio
         END
       END
     END
     BOUNDARY: out
       Boundary Type = OUTLET
       Location = out
       BOUNDARY CONDITIONS:
         FLOW REGIME:
           Option = Subsonic
         END
         MASS AND MOMENTUM:
           Option = Static Pressure
           Relative Pressure = 0 [Pa]
         END
       END
     END
     DOMAIN MODELS:
       BUOYANCY MODEL:
         Option = Non Buoyant
       END
       DOMAIN MOTION:
         Option = Stationary
       END
       MESH DEFORMATION:
         Option = None
       END
       REFERENCE PRESSURE:
         Reference Pressure = 1 [atm]
       END
     END
     FLUID DEFINITION: Fluid 1
       Material = Water
       Option = Material Library
       MORPHOLOGY:
         Option = Continuous Fluid
       END
     END
     FLUID MODELS:
       COMBUSTION MODEL:
         Option = None
       END
       HEAT TRANSFER MODEL:
         Option = Thermal Energy
       END
       THERMAL RADIATION MODEL:
         Option = None
       END
       TURBULENCE MODEL:
         Option = k epsilon
       END
       TURBULENT WALL FUNCTIONS:
         Option = Scalable
       END
     END
   END
   OUTPUT CONTROL:
     RESULTS:
       File Compression Level = Default
       Option = Standard
     END
   END
   SOLVER CONTROL:
     Turbulence Numerics = High Resolution
     ADVECTION SCHEME:
       Option = High Resolution
     END
     CONVERGENCE CONTROL:
       Length Scale Option = Conservative
       Maximum Number of Iterations = 100
       Minimum Number of Iterations = 5
       Timescale Control = Auto Timescale
       Timescale Factor = 1.0
     END
     CONVERGENCE CRITERIA:
       Residual Target = 1.E-4
       Residual Type = RMS
     END
     DYNAMIC MODEL CONTROL:
       Global Dynamic Model Control = On
     END
   END
 END
 COMMAND FILE:
   Version = 19.1
   Results Version = 19.1
 END
 PARAMETERIZATION:
   INPUT FIELD: inMassFlow
     Expression Name = inMassFlow
     Method = Expression
   END
 END
 SIMULATION CONTROL:
   EXECUTION CONTROL:
     EXECUTABLE SELECTION:
       Double Precision = No
       Large Problem = No
     END
     INTERPOLATOR STEP CONTROL:
       Runtime Priority = Standard
       MEMORY CONTROL:
         Memory Allocation Factor = 1.0
       END
     END
     PARALLEL HOST LIBRARY:
       HOST DEFINITION: jamiedesktop
         Remote Host Name = JAMIE-DESKTOP
         Host Architecture String = winnt-amd64
         Installation Root = B:\Programs\ANSYS Inc\ANSYS Student\v%v\CFX
       END
     END
     PARTITIONER STEP CONTROL:
       Multidomain Option = Automatic
       Runtime Priority = Standard
       MEMORY CONTROL:
         Memory Allocation Factor = 1.0
       END
       PARTITION SMOOTHING:
         Maximum Partition Smoothing Sweeps = 100
         Option = Smooth
       END
       PARTITIONING TYPE:
         MeTiS Type = k-way
         Option = MeTiS
         Partition Size Rule = Automatic
       END
     END
     RUN DEFINITION:
       Run Mode = Full
       Solver Input File = Fluid Flow CFX.def
       Solver Results File = B:/Documents/GitProjects/CFD/Stick/CFD \
         BackUps/CFD-Static-Mixer/StaticMixerDX_pending/dp9_CFX_Solution/Flui\
         d Flow CFX_013.res
       INITIAL VALUES SPECIFICATION:
         INITIAL VALUES CONTROL:
           Use Mesh From = Solver Input File
           Continue History From = Workbench Initial Values
         END
         INITIAL VALUES: Workbench Initial Values
           Option = Results File
           File Name = Fluid Flow CFX_012.res
         END
       END
     END
     SOLVER STEP CONTROL:
       Runtime Priority = Standard
       MEMORY CONTROL:
         Memory Allocation Factor = 1.0
       END
       PARALLEL ENVIRONMENT:
         Number of Processes = 1
         Start Method = Serial
       END
     END
   END
 END
 
 
 +--------------------------------------------------------------------+
 |                                                                    |
 |                  Interpolation of Initial Values                   |
 |                                                                    |
 +--------------------------------------------------------------------+
 
 


 +--------------------------------------------------------------------+
 |                                                                    |
 |                    ANSYS(R) CFX(R) Interpolator                    |
 |                                                                    |
 | Release 19.1                                                       |
 | Build 19.1 2018-04-17T13:27:50.069000                              |
 | Tue Apr 17 15:02:11 GMTDT 2018                                     |
 |                                                                    |
 |                        Executable Attributes                       |
 |                                                                    |
 |           single-64bit-int32-archfort-optimised-std-lcomp          |
 |                                                                    |
 | (C) 1996-2018 ANSYS, Inc.                                          |
 |                                                                    |
 | All rights reserved. Unauthorized use, distribution or duplication |
 | is prohibited. This product is subject to U.S. laws governing      |
 | export and re-export. For full Legal Notice, see documentation.    |
 +--------------------------------------------------------------------+




 +--------------------------------------------------------------------+
 |                  Job Information at Start of Run                   |
 +--------------------------------------------------------------------+

 Run mode:       serial run

 Host computer:  JAMIE-DESKTOP (PID:9572)

 Job started:    Sat Dec  8 22:25:33 2018


 +--------------------------------------------------------------------+
 |        Memory Allocated for Run  (Actual usage may be less)        |
 +--------------------------------------------------------------------+

           | Real       | Integer    | Character | Logical  | Double
 ----------+------------+------------+-----------+----------+----------
 Mwords    |       1.61 |       1.93 |      0.20 |     0.01 |     0.08
 Mbytes    |       6.16 |       7.35 |      0.19 |     0.04 |     0.63
 ----------+------------+------------+-----------+----------+----------


 +--------------------------------------------------------------------+
 |                  Host Memory Information (Mbytes)                  |
 +--------------------------------------------------------------------+
 |          Host           |     System     |   Allocated    |   %    |
 +-------------------------+----------------+----------------+--------+
 | JAMIE-DESKTOP           |      8138.83   |        14.36   |   0.18 |
 +-------------------------+----------------+----------------+--------+

 ======================================================================
               Interpolating Onto Domain "Default Domain"
 ======================================================================

 Total Number of Nodes in the Target Domain              =        27395
 Bounding Box Volume of the Target Mesh                  =  9.60000E+01


 Checking all source domains from the source file:
   Target mesh is different from domain "Default Domain".

 Searching for Candidate Source Domains:
   Domain "Default Domain"
     Number of Mapped Nodes                     =        25907 ( 94.6%)
     Bounding Box Overlap Volume                =  9.60000E+01 (100.0%)
   Setting Up Unmapped Nodes:
     Number of Unmapped Nodes                   =         1488 (  5.4%)

 Start interpolation of variables: 
   Source Domain Name                                    Mapped Nodes
   Default Domain                                        25907 ( 94.6%)

 +--------------------------------------------------------------------+
 |                     Variable Range Information                     |
 +--------------------------------------------------------------------+
 +--------------------------------------------------------------------+
 |      Variable Name                         |    min    |    max    |
 +--------------------------------------------------------------------+
 | Thermal Conductivity                       |  6.07E-01 |  6.07E-01 |
 | Courant Number                             |  9.28E-01 |  5.58E+01 |
 | Density                                    |  9.97E+02 |  9.97E+02 |
 | Static Enthalpy                            | -5.50E+04 |  7.05E+04 |
 | Static Entropy                             | -1.89E+02 |  2.30E+02 |
 | Pressure                                   | -1.14E+04 |  9.05E+04 |
 | Specific Heat Capacity at Constant Pressure|  4.18E+03 |  4.18E+03 |
 | Specific Heat Capacity at Constant Volume  |  4.18E+03 |  4.18E+03 |
 | Turbulence Eddy Dissipation                |  3.38E-04 |  2.92E+02 |
 | Turbulence Eddy Frequency                  |  7.04E+00 |  2.89E+03 |
 | Temperature                                |  2.85E+02 |  3.15E+02 |
 | Turbulence Kinetic Energy                  |  1.09E-04 |  4.88E+00 |
 | Velocity                                   |  2.25E-01 |  7.94E+00 |
 | Dynamic Viscosity                          |  8.90E-04 |  8.90E-04 |
 | Eddy Viscosity                             |  1.06E-03 |  3.43E+02 |
 +--------------------------------------------------------------------+

 +--------------------------------------------------------------------+
 |                 CPU Requirements of Interpolation                  |
 +--------------------------------------------------------------------+

 Interpolation Step              Time    Percentage
                                (secs.   %total)
 ----------------------------------------------------------------------
 Tree Setup                     1.85E-01   29.3 %
 Interpolation                  1.89E-01   29.9 %
 Unmatched Nodes                2.10E-02    3.3 %
 Miscellaneous                  2.37E-01   37.5 %
                                --------
 Total                          6.32E-01

 +--------------------------------------------------------------------+
 |                   Job Information at End of Run                    |
 +--------------------------------------------------------------------+

 Host computer:  JAMIE-DESKTOP (PID:9572)

 Job finished:   Sat Dec  8 22:25:34 2018

 Total wall clock time: 6.290E-01 seconds
             or: (          0:         0:         0:     0.629 )
                 (       Days:     Hours:   Minutes:   Seconds )

 
 +--------------------------------------------------------------------+
 |                                                                    |
 |                               Solver                               |
 |                                                                    |
 +--------------------------------------------------------------------+
 



 +--------------------------------------------------------------------+
 |                                                                    |
 |                       ANSYS(R) CFX(R) Solver                       |
 |                                                                    |
 | Release 19.1                                                       |
 | Build 19.1 2018-04-17T13:27:50.069000                              |
 | Tue Apr 17 15:02:11 GMTDT 2018                                     |
 |                                                                    |
 |                        Executable Attributes                       |
 |                                                                    |
 |           single-64bit-int32-archfort-optimised-std-lcomp          |
 |                                                                    |
 | (C) 1996-2018 ANSYS, Inc.                                          |
 |                                                                    |
 | All rights reserved. Unauthorized use, distribution or duplication |
 | is prohibited. This product is subject to U.S. laws governing      |
 | export and re-export. For full Legal Notice, see documentation.    |
 +--------------------------------------------------------------------+




 +--------------------------------------------------------------------+
 |                  Job Information at Start of Run                   |
 +--------------------------------------------------------------------+

 Run mode:       serial run

 Host computer:  JAMIE-DESKTOP (PID:4976)

 Job started:    Sat Dec  8 22:25:36 2018

 +--------------------------------------------------------------------+
 |                        License Information                         |
 +--------------------------------------------------------------------+
 
 License Cap:    ANSYS CFX Solver (Max 128K Nodes)
 License ID:     JAMIE-DESKTOP-Jamie-8104-013212


 +--------------------------------------------------------------------+
 |        Memory Allocated for Run  (Actual usage may be less)        |
 +--------------------------------------------------------------------+

           | Real       | Integer    | Character | Logical  | Double
 ----------+------------+------------+-----------+----------+----------
 Mwords    |      17.41 |       4.81 |      7.26 |     0.12 |     0.89
 Mbytes    |      66.40 |      18.34 |      6.93 |     0.46 |     6.82
 ----------+------------+------------+-----------+----------+----------


 +--------------------------------------------------------------------+
 |                  Host Memory Information (Mbytes)                  |
 +--------------------------------------------------------------------+
 |          Host           |     System     |   Allocated    |   %    |
 +-------------------------+----------------+----------------+--------+
 | JAMIE-DESKTOP           |      8138.83   |        98.94   |   1.22 |
 +-------------------------+----------------+----------------+--------+


 +--------------------------------------------------------------------+
 |                     ****** Notice ******                           |
 | The Wall Heat Transfer Coefficient written to the results file for |
 | any turbulent phase with heat transfer is based on the turbulent   |
 | wall function coefficient. It is consistent with the Wall Heat Flux|
 | the wall temperature, and the Wall Adjacent Temperature            |
 | (near-wall temperature).  If you would like it to be based on a    |
 | user-specified bulk temperature instead, please set the expert     |
 | parameter "tbulk for htc = <value>".                               |
 +--------------------------------------------------------------------+

 +--------------------------------------------------------------------+
 |                      Topology Simplification                       |
 +--------------------------------------------------------------------+

 +--------------------------------------------------------------------+
 |                       ****** Warning ******                        |
 |                                                                    |
 | Topology simplification is activated with the following            |
 | restrictions:                                                      |
 |                                                                    |
 | - Mesh regions referenced only within User Fortran and NOT         |
 |   in the command file will cause the solver to stop.               |
 | - The solver will stop during any "Edit Run in Progress" step      |
 |   if new 2D regions are referenced.                                |
 +--------------------------------------------------------------------+

 +--------------------------------------------------------------------+
 |                          Mesh Statistics                           |
 +--------------------------------------------------------------------+
 | Domain Name          | Orthog. Angle | Exp. Factor  | Aspect Ratio |
 +----------------------+---------------+--------------+--------------+
 |                      | Minimum [deg] |   Maximum    |    Maximum   |
 +----------------------+---------------+--------------+--------------+
 | Default Domain       |       30.5 ok |        12 ok |        29 OK |
 +----------------------+---------------+--------------+--------------+
 |                      |  %!  %ok  %OK | %!  %ok  %OK | %!  %ok  %OK |
 +----------------------+---------------+--------------+--------------+
 | Default Domain       |   0    1   99 |  0   <1  100 |  0    0  100 |
 +----------------------+---------------+--------------+--------------+

 Domain Name : Default Domain

     Total Number of Nodes                                =       27395

     Total Number of Elements                             =       98461
         Total Number of Tetrahedrons                     =       71766
         Total Number of Prisms                           =       26695

     Total Number of Faces                                =        7227

 +--------------------------------------------------------------------+
 |      Initial Conditions Supplied by Fields in the Input Files      |
 +--------------------------------------------------------------------+

 Domain Name : Default Domain
     Courant Number
     Eddy Viscosity
     Pressure
     Specific Heat Capacity at Constant Pressure
     Static Enthalpy
     Static Entropy
     Temperature
     Turbulence Eddy Dissipation
     Turbulence Eddy Frequency
     Turbulence Kinetic Energy
     Velocity

 +--------------------------------------------------------------------+
 |                     Average Scale Information                      |
 +--------------------------------------------------------------------+

 Domain Name : Default Domain
     Global Length                                         = 3.2201E+00
     Minimum Extent                                        = 4.0000E+00
     Maximum Extent                                        = 6.0000E+00
     Density                                               = 9.9700E+02
     Dynamic Viscosity                                     = 8.8990E-04
     Velocity                                              = 6.2089E+00
     Advection Time                                        = 5.1863E-01
     Reynolds Number                                       = 2.2399E+07
     Thermal Conductivity                                  = 6.0690E-01
     Specific Heat Capacity at Constant Pressure           = 4.1817E+03
     Prandtl Number                                        = 6.1316E+00
     Temperature Range                                     = 3.0015E+01

 +--------------------------------------------------------------------+
 |                Checking for Isolated Fluid Regions                 |
 +--------------------------------------------------------------------+
 
 No isolated fluid regions were found.

 +--------------------------------------------------------------------+
 |              The Equations Solved in This Calculation              |
 +--------------------------------------------------------------------+

 Subsystem : Momentum and Mass

   U-Mom
   V-Mom
   W-Mom
   P-Mass

 Subsystem : Heat Transfer

   H-Energy

 Subsystem : TurbKE and Diss.K

   K-TurbKE
   E-Diss.K
                   
 CFD Solver started: Sat Dec  8 22:25:38 2018


 +--------------------------------------------------------------------+
 |                       Convergence History                          |
 +--------------------------------------------------------------------+

 ======================================================================
 |                        Timescale Information                       |
 ----------------------------------------------------------------------
 |       Equation       |         Type          |      Timescale      |
 +----------------------+-----------------------+---------------------+
 | U-Mom                | Auto Timescale        |     1.61242E-01     |
 | V-Mom                | Auto Timescale        |     1.61242E-01     |
 | W-Mom                | Auto Timescale        |     1.61242E-01     |
 +----------------------+-----------------------+---------------------+
 | H-Energy             | Auto Timescale        |     1.61242E-01     |
 +----------------------+-----------------------+---------------------+
 | K-TurbKE             | Auto Timescale        |     1.61242E-01     |
 | E-Diss.K             | Auto Timescale        |     1.61242E-01     |
 +----------------------+-----------------------+---------------------+

 ======================================================================
 OUTER LOOP ITERATION =  456 (    1) CPU SECONDS = 3.625E+02 (2.272E+00)
 ----------------------------------------------------------------------
 |       Equation       | Rate | RMS Res | Max Res |  Linear Solution |
 +----------------------+------+---------+---------+------------------+
 | U-Mom                | 0.00 | 3.1E-03 | 1.3E-01 |       1.0E-01  ok|
 | V-Mom                | 0.00 | 3.4E-03 | 1.1E-01 |       1.0E-01  ok|
 | W-Mom                | 0.00 | 1.9E-03 | 1.3E-01 |       1.1E-01  ok|
 | P-Mass               | 0.00 | 1.3E-03 | 7.2E-02 |  5.2  9.0E-02  OK|
 +----------------------+------+---------+---------+------------------+
 | H-Energy             | 0.00 | 4.4E-03 | 8.3E-02 |  5.4  3.5E-02  OK|
 +----------------------+------+---------+---------+------------------+
 | K-TurbKE             | 0.00 | 4.6E-03 | 6.4E-02 |  5.4  4.4E-02  OK|
 | E-Diss.K             | 0.00 | 3.6E-02 | 6.8E-01 |  7.2  7.3E-03  OK|
 +----------------------+------+---------+---------+------------------+

 ======================================================================
 OUTER LOOP ITERATION =  457 (    2) CPU SECONDS = 3.642E+02 (3.898E+00)
 ----------------------------------------------------------------------
 |       Equation       | Rate | RMS Res | Max Res |  Linear Solution |
 +----------------------+------+---------+---------+------------------+
 | U-Mom                | 0.51 | 1.6E-03 | 4.4E-02 |       8.1E-02  OK|
 | V-Mom                | 0.53 | 1.8E-03 | 6.1E-02 |       8.0E-02  OK|
 | W-Mom                | 0.47 | 9.0E-04 | 5.6E-02 |       1.1E-01  ok|
 | P-Mass               | 0.34 | 4.4E-04 | 1.9E-02 |  9.4  4.3E-02  OK|
 +----------------------+------+---------+---------+------------------+
 | H-Energy             | 0.28 | 1.3E-03 | 4.8E-02 |  5.4  5.8E-02  OK|
 +----------------------+------+---------+---------+------------------+
 | K-TurbKE             | 1.54 | 7.1E-03 | 5.0E-02 |  5.4  4.1E-02  OK|
 | E-Diss.K             | 0.57 | 2.1E-02 | 4.5E-01 |  7.3  3.0E-03  OK|
 +----------------------+------+---------+---------+------------------+

 ======================================================================
 OUTER LOOP ITERATION =  458 (    3) CPU SECONDS = 3.653E+02 (5.033E+00)
 ----------------------------------------------------------------------
 |       Equation       | Rate | RMS Res | Max Res |  Linear Solution |
 +----------------------+------+---------+---------+------------------+
 | U-Mom                | 0.62 | 9.9E-04 | 3.0E-02 |       9.3E-02  OK|
 | V-Mom                | 0.71 | 1.3E-03 | 3.2E-02 |       8.8E-02  OK|
 | W-Mom                | 0.57 | 5.1E-04 | 3.9E-02 |       1.7E-01  ok|
 | P-Mass               | 0.64 | 2.8E-04 | 9.2E-03 |  9.4  4.7E-02  OK|
 +----------------------+------+---------+---------+------------------+
 | H-Energy             | 0.83 | 1.0E-03 | 3.8E-02 |  5.4  4.0E-02  OK|
 +----------------------+------+---------+---------+------------------+
 | K-TurbKE             | 0.49 | 3.5E-03 | 2.6E-02 |  5.4  3.8E-02  OK|
 | E-Diss.K             | 0.33 | 6.9E-03 | 9.5E-02 |  7.3  8.3E-03  OK|
 +----------------------+------+---------+---------+------------------+

 ======================================================================
 OUTER LOOP ITERATION =  459 (    4) CPU SECONDS = 3.664E+02 (6.145E+00)
 ----------------------------------------------------------------------
 |       Equation       | Rate | RMS Res | Max Res |  Linear Solution |
 +----------------------+------+---------+---------+------------------+
 | U-Mom                | 0.74 | 7.2E-04 | 3.0E-02 |       6.7E-02  OK|
 | V-Mom                | 0.55 | 7.0E-04 | 1.5E-02 |       6.6E-02  OK|
 | W-Mom                | 0.64 | 3.3E-04 | 2.0E-02 |       1.3E-01  ok|
 | P-Mass               | 0.62 | 1.7E-04 | 6.6E-03 |  9.4  4.3E-02  OK|
 +----------------------+------+---------+---------+------------------+
 | H-Energy             | 0.84 | 8.8E-04 | 2.9E-02 |  5.4  4.6E-02  OK|
 +----------------------+------+---------+---------+------------------+
 | K-TurbKE             | 0.74 | 2.6E-03 | 2.1E-02 |  5.4  3.5E-02  OK|
 | E-Diss.K             | 0.34 | 2.4E-03 | 4.0E-02 |  7.3  1.1E-02  OK|
 +----------------------+------+---------+---------+------------------+

 ======================================================================
 OUTER LOOP ITERATION =  460 (    5) CPU SECONDS = 3.676E+02 (7.316E+00)
 ----------------------------------------------------------------------
 |       Equation       | Rate | RMS Res | Max Res |  Linear Solution |
 +----------------------+------+---------+---------+------------------+
 | U-Mom                | 0.78 | 5.7E-04 | 2.4E-02 |       3.6E-02  OK|
 | V-Mom                | 0.65 | 4.6E-04 | 7.3E-03 |       4.0E-02  OK|
 | W-Mom                | 0.68 | 2.3E-04 | 8.3E-03 |       9.7E-02  OK|
 | P-Mass               | 0.61 | 1.0E-04 | 4.3E-03 |  9.4  3.8E-02  OK|
 +----------------------+------+---------+---------+------------------+
 | H-Energy             | 0.84 | 7.4E-04 | 2.0E-02 |  5.4  5.0E-02  OK|
 +----------------------+------+---------+---------+------------------+
 | K-TurbKE             | 0.49 | 1.3E-03 | 1.1E-02 |  5.4  3.2E-02  OK|
 | E-Diss.K             | 0.86 | 2.0E-03 | 1.8E-02 |  7.3  9.3E-03  OK|
 +----------------------+------+---------+---------+------------------+

 ======================================================================
 |                        Timescale Information                       |
 ----------------------------------------------------------------------
 |       Equation       |         Type          |      Timescale      |
 +----------------------+-----------------------+---------------------+
 | U-Mom                | Auto Timescale        |     1.70982E-01     |
 | V-Mom                | Auto Timescale        |     1.70982E-01     |
 | W-Mom                | Auto Timescale        |     1.70982E-01     |
 +----------------------+-----------------------+---------------------+
 | H-Energy             | Auto Timescale        |     1.70982E-01     |
 +----------------------+-----------------------+---------------------+
 | K-TurbKE             | Auto Timescale        |     1.70982E-01     |
 | E-Diss.K             | Auto Timescale        |     1.70982E-01     |
 +----------------------+-----------------------+---------------------+

 ======================================================================
 OUTER LOOP ITERATION =  461 (    6) CPU SECONDS = 3.687E+02 (8.430E+00)
 ----------------------------------------------------------------------
 |       Equation       | Rate | RMS Res | Max Res |  Linear Solution |
 +----------------------+------+---------+---------+------------------+
 | U-Mom                | 0.76 | 4.3E-04 | 1.4E-02 |       4.6E-02  OK|
 | V-Mom                | 0.84 | 3.9E-04 | 5.6E-03 |       5.0E-02  OK|
 | W-Mom                | 0.81 | 1.8E-04 | 5.7E-03 |       6.6E-02  OK|
 | P-Mass               | 0.62 | 6.4E-05 | 2.8E-03 |  9.4  4.1E-02  OK|
 +----------------------+------+---------+---------+------------------+
 | H-Energy             | 0.86 | 6.3E-04 | 1.0E-02 |  5.4  5.4E-02  OK|
 +----------------------+------+---------+---------+------------------+
 | K-TurbKE             | 0.74 | 9.3E-04 | 7.1E-03 |  5.4  3.2E-02  OK|
 | E-Diss.K             | 0.82 | 1.7E-03 | 3.1E-02 |  7.3  8.9E-03  OK|
 +----------------------+------+---------+---------+------------------+

 ======================================================================
 OUTER LOOP ITERATION =  462 (    7) CPU SECONDS = 3.698E+02 (9.529E+00)
 ----------------------------------------------------------------------
 |       Equation       | Rate | RMS Res | Max Res |  Linear Solution |
 +----------------------+------+---------+---------+------------------+
 | U-Mom                | 0.76 | 3.3E-04 | 8.1E-03 |       6.8E-02  OK|
 | V-Mom                | 0.85 | 3.3E-04 | 4.4E-03 |       6.8E-02  OK|
 | W-Mom                | 0.87 | 1.6E-04 | 3.5E-03 |       5.8E-02  OK|
 | P-Mass               | 0.72 | 4.6E-05 | 1.8E-03 |  9.4  5.3E-02  OK|
 +----------------------+------+---------+---------+------------------+
 | H-Energy             | 0.88 | 5.6E-04 | 7.3E-03 |  5.4  5.3E-02  OK|
 +----------------------+------+---------+---------+------------------+
 | K-TurbKE             | 0.75 | 6.9E-04 | 8.1E-03 |  5.4  3.2E-02  OK|
 | E-Diss.K             | 0.52 | 8.8E-04 | 1.4E-02 |  7.3  1.0E-02  OK|
 +----------------------+------+---------+---------+------------------+

 ======================================================================
 OUTER LOOP ITERATION =  463 (    8) CPU SECONDS = 3.709E+02 (1.063E+01)
 ----------------------------------------------------------------------
 |       Equation       | Rate | RMS Res | Max Res |  Linear Solution |
 +----------------------+------+---------+---------+------------------+
 | U-Mom                | 0.80 | 2.6E-04 | 5.4E-03 |       8.0E-02  OK|
 | V-Mom                | 0.86 | 2.8E-04 | 4.1E-03 |       7.7E-02  OK|
 | W-Mom                | 0.91 | 1.4E-04 | 2.9E-03 |       6.8E-02  OK|
 | P-Mass               | 0.90 | 4.2E-05 | 1.2E-03 |  9.4  6.7E-02  OK|
 +----------------------+------+---------+---------+------------------+
 | H-Energy             | 0.86 | 4.8E-04 | 5.1E-03 |  5.4  5.1E-02  OK|
 +----------------------+------+---------+---------+------------------+
 | K-TurbKE             | 0.82 | 5.7E-04 | 8.4E-03 |  5.4  4.3E-02  OK|
 | E-Diss.K             | 0.68 | 5.9E-04 | 1.4E-02 |  7.3  1.2E-02  OK|
 +----------------------+------+---------+---------+------------------+

 ======================================================================
 OUTER LOOP ITERATION =  464 (    9) CPU SECONDS = 3.720E+02 (1.173E+01)
 ----------------------------------------------------------------------
 |       Equation       | Rate | RMS Res | Max Res |  Linear Solution |
 +----------------------+------+---------+---------+------------------+
 | U-Mom                | 0.82 | 2.2E-04 | 4.5E-03 |       8.6E-02  OK|
 | V-Mom                | 0.90 | 2.5E-04 | 4.4E-03 |       8.0E-02  OK|
 | W-Mom                | 0.94 | 1.4E-04 | 2.9E-03 |       8.0E-02  OK|
 | P-Mass               | 0.97 | 4.0E-05 | 8.1E-04 |  9.4  8.0E-02  OK|
 +----------------------+------+---------+---------+------------------+
 | H-Energy             | 0.86 | 4.1E-04 | 3.9E-03 |  5.4  5.1E-02  OK|
 +----------------------+------+---------+---------+------------------+
 | K-TurbKE             | 0.86 | 4.9E-04 | 9.6E-03 |  5.4  5.8E-02  OK|
 | E-Diss.K             | 1.02 | 6.1E-04 | 1.7E-02 |  7.2  1.1E-02  OK|
 +----------------------+------+---------+---------+------------------+

 ======================================================================
 OUTER LOOP ITERATION =  465 (   10) CPU SECONDS = 3.731E+02 (1.283E+01)
 ----------------------------------------------------------------------
 |       Equation       | Rate | RMS Res | Max Res |  Linear Solution |
 +----------------------+------+---------+---------+------------------+
 | U-Mom                | 0.85 | 1.8E-04 | 3.7E-03 |       8.9E-02  OK|
 | V-Mom                | 0.91 | 2.3E-04 | 4.3E-03 |       8.0E-02  OK|
 | W-Mom                | 0.95 | 1.3E-04 | 2.7E-03 |       8.7E-02  OK|
 | P-Mass               | 0.96 | 3.9E-05 | 5.5E-04 |  9.4  9.3E-02  OK|
 +----------------------+------+---------+---------+------------------+
 | H-Energy             | 0.86 | 3.6E-04 | 3.3E-03 |  5.4  5.2E-02  OK|
 +----------------------+------+---------+---------+------------------+
 | K-TurbKE             | 0.90 | 4.4E-04 | 7.6E-03 |  5.4  6.2E-02  OK|
 | E-Diss.K             | 1.11 | 6.7E-04 | 1.9E-02 |  7.3  1.1E-02  OK|
 +----------------------+------+---------+---------+------------------+

 ======================================================================
 |                        Timescale Information                       |
 ----------------------------------------------------------------------
 |       Equation       |         Type          |      Timescale      |
 +----------------------+-----------------------+---------------------+
 | U-Mom                | Auto Timescale        |     1.70771E-01     |
 | V-Mom                | Auto Timescale        |     1.70771E-01     |
 | W-Mom                | Auto Timescale        |     1.70771E-01     |
 +----------------------+-----------------------+---------------------+
 | H-Energy             | Auto Timescale        |     1.70771E-01     |
 +----------------------+-----------------------+---------------------+
 | K-TurbKE             | Auto Timescale        |     1.70771E-01     |
 | E-Diss.K             | Auto Timescale        |     1.70771E-01     |
 +----------------------+-----------------------+---------------------+

 ======================================================================
 OUTER LOOP ITERATION =  466 (   11) CPU SECONDS = 3.742E+02 (1.394E+01)
 ----------------------------------------------------------------------
 |       Equation       | Rate | RMS Res | Max Res |  Linear Solution |
 +----------------------+------+---------+---------+------------------+
 | U-Mom                | 0.87 | 1.6E-04 | 3.1E-03 |       3.3E-02  OK|
 | V-Mom                | 0.90 | 2.1E-04 | 4.3E-03 |       3.0E-02  OK|
 | W-Mom                | 0.94 | 1.2E-04 | 2.6E-03 |       4.7E-02  OK|
 | P-Mass               | 0.94 | 3.6E-05 | 4.2E-04 | 13.5  3.7E-02  OK|
 +----------------------+------+---------+---------+------------------+
 | H-Energy             | 0.88 | 3.1E-04 | 3.1E-03 |  5.4  5.2E-02  OK|
 +----------------------+------+---------+---------+------------------+
 | K-TurbKE             | 0.95 | 4.2E-04 | 7.6E-03 |  5.4  5.9E-02  OK|
 | E-Diss.K             | 1.12 | 7.5E-04 | 2.1E-02 |  7.3  1.1E-02  OK|
 +----------------------+------+---------+---------+------------------+

 ======================================================================
 OUTER LOOP ITERATION =  467 (   12) CPU SECONDS = 3.753E+02 (1.506E+01)
 ----------------------------------------------------------------------
 |       Equation       | Rate | RMS Res | Max Res |  Linear Solution |
 +----------------------+------+---------+---------+------------------+
 | U-Mom                | 0.89 | 1.4E-04 | 2.9E-03 |       3.0E-02  OK|
 | V-Mom                | 0.90 | 1.9E-04 | 4.0E-03 |       2.7E-02  OK|
 | W-Mom                | 0.93 | 1.1E-04 | 2.4E-03 |       4.1E-02  OK|
 | P-Mass               | 0.99 | 3.6E-05 | 4.3E-04 | 13.5  3.4E-02  OK|
 +----------------------+------+---------+---------+------------------+
 | H-Energy             | 0.88 | 2.7E-04 | 2.6E-03 |  5.4  5.2E-02  OK|
 +----------------------+------+---------+---------+------------------+
 | K-TurbKE             | 0.97 | 4.1E-04 | 6.8E-03 |  5.4  5.6E-02  OK|
 | E-Diss.K             | 1.01 | 7.6E-04 | 2.0E-02 |  7.3  1.2E-02  OK|
 +----------------------+------+---------+---------+------------------+

 ======================================================================
 OUTER LOOP ITERATION =  468 (   13) CPU SECONDS = 3.765E+02 (1.620E+01)
 ----------------------------------------------------------------------
 |       Equation       | Rate | RMS Res | Max Res |  Linear Solution |
 +----------------------+------+---------+---------+------------------+
 | U-Mom                | 0.91 | 1.3E-04 | 3.2E-03 |       3.0E-02  OK|
 | V-Mom                | 0.91 | 1.7E-04 | 3.8E-03 |       2.7E-02  OK|
 | W-Mom                | 0.92 | 1.0E-04 | 2.3E-03 |       4.5E-02  OK|
 | P-Mass               | 0.91 | 3.3E-05 | 3.7E-04 | 13.5  3.6E-02  OK|
 +----------------------+------+---------+---------+------------------+
 | H-Energy             | 0.88 | 2.4E-04 | 2.8E-03 |  5.4  5.1E-02  OK|
 +----------------------+------+---------+---------+------------------+
 | K-TurbKE             | 0.99 | 4.1E-04 | 5.5E-03 |  5.4  5.3E-02  OK|
 | E-Diss.K             | 0.97 | 7.4E-04 | 1.8E-02 |  7.2  1.3E-02  OK|
 +----------------------+------+---------+---------+------------------+

 ======================================================================
 OUTER LOOP ITERATION =  469 (   14) CPU SECONDS = 3.776E+02 (1.733E+01)
 ----------------------------------------------------------------------
 |       Equation       | Rate | RMS Res | Max Res |  Linear Solution |
 +----------------------+------+---------+---------+------------------+
 | U-Mom                | 0.93 | 1.2E-04 | 3.6E-03 |       3.0E-02  OK|
 | V-Mom                | 0.91 | 1.5E-04 | 3.5E-03 |       2.7E-02  OK|
 | W-Mom                | 0.91 | 9.4E-05 | 2.1E-03 |       4.9E-02  OK|
 | P-Mass               | 0.92 | 3.0E-05 | 3.2E-04 | 13.5  3.7E-02  OK|
 +----------------------+------+---------+---------+------------------+
 | H-Energy             | 0.88 | 2.1E-04 | 2.4E-03 |  5.4  5.0E-02  OK|
 +----------------------+------+---------+---------+------------------+
 | K-TurbKE             | 1.00 | 4.1E-04 | 4.0E-03 |  5.4  5.1E-02  OK|
 | E-Diss.K             | 0.96 | 7.1E-04 | 1.7E-02 |  7.2  1.3E-02  OK|
 +----------------------+------+---------+---------+------------------+

 ======================================================================
 OUTER LOOP ITERATION =  470 (   15) CPU SECONDS = 3.787E+02 (1.847E+01)
 ----------------------------------------------------------------------
 |       Equation       | Rate | RMS Res | Max Res |  Linear Solution |
 +----------------------+------+---------+---------+------------------+
 | U-Mom                | 0.94 | 1.1E-04 | 3.8E-03 |       3.0E-02  OK|
 | V-Mom                | 0.91 | 1.4E-04 | 3.3E-03 |       2.7E-02  OK|
 | W-Mom                | 0.90 | 8.5E-05 | 1.9E-03 |       5.4E-02  OK|
 | P-Mass               | 0.93 | 2.8E-05 | 2.9E-04 | 13.5  3.8E-02  OK|
 +----------------------+------+---------+---------+------------------+
 | H-Energy             | 0.89 | 1.9E-04 | 2.0E-03 |  5.4  4.9E-02  OK|
 +----------------------+------+---------+---------+------------------+
 | K-TurbKE             | 1.00 | 4.1E-04 | 3.4E-03 |  5.4  4.9E-02  OK|
 | E-Diss.K             | 0.95 | 6.8E-04 | 1.5E-02 |  7.2  1.4E-02  OK|
 +----------------------+------+---------+---------+------------------+

 ======================================================================
 |                        Timescale Information                       |
 ----------------------------------------------------------------------
 |       Equation       |         Type          |      Timescale      |
 +----------------------+-----------------------+---------------------+
 | U-Mom                | Auto Timescale        |     1.68566E-01     |
 | V-Mom                | Auto Timescale        |     1.68566E-01     |
 | W-Mom                | Auto Timescale        |     1.68566E-01     |
 +----------------------+-----------------------+---------------------+
 | H-Energy             | Auto Timescale        |     1.68566E-01     |
 +----------------------+-----------------------+---------------------+
 | K-TurbKE             | Auto Timescale        |     1.68566E-01     |
 | E-Diss.K             | Auto Timescale        |     1.68566E-01     |
 +----------------------+-----------------------+---------------------+

 ======================================================================
 OUTER LOOP ITERATION =  471 (   16) CPU SECONDS = 3.799E+02 (1.961E+01)
 ----------------------------------------------------------------------
 |       Equation       | Rate | RMS Res | Max Res |  Linear Solution |
 +----------------------+------+---------+---------+------------------+
 | U-Mom                | 0.95 | 1.1E-04 | 4.0E-03 |       3.0E-02  OK|
 | V-Mom                | 0.92 | 1.3E-04 | 3.2E-03 |       2.7E-02  OK|
 | W-Mom                | 0.89 | 7.6E-05 | 1.8E-03 |       5.8E-02  OK|
 | P-Mass               | 0.93 | 2.6E-05 | 2.6E-04 | 13.5  3.9E-02  OK|
 +----------------------+------+---------+---------+------------------+
 | H-Energy             | 0.89 | 1.7E-04 | 2.3E-03 |  5.4  4.7E-02  OK|
 +----------------------+------+---------+---------+------------------+
 | K-TurbKE             | 1.00 | 4.1E-04 | 2.7E-03 |  5.4  4.8E-02  OK|
 | E-Diss.K             | 0.95 | 6.4E-04 | 1.4E-02 |  7.2  1.4E-02  OK|
 +----------------------+------+---------+---------+------------------+

 ======================================================================
 OUTER LOOP ITERATION =  472 (   17) CPU SECONDS = 3.810E+02 (2.076E+01)
 ----------------------------------------------------------------------
 |       Equation       | Rate | RMS Res | Max Res |  Linear Solution |
 +----------------------+------+---------+---------+------------------+
 | U-Mom                | 0.96 | 1.0E-04 | 4.4E-03 |       3.0E-02  OK|
 | V-Mom                | 0.92 | 1.2E-04 | 3.3E-03 |       2.8E-02  OK|
 | W-Mom                | 0.89 | 6.8E-05 | 1.8E-03 |       6.4E-02  OK|
 | P-Mass               | 0.93 | 2.5E-05 | 2.3E-04 | 13.5  4.0E-02  OK|
 +----------------------+------+---------+---------+------------------+
 | H-Energy             | 0.90 | 1.5E-04 | 2.1E-03 |  5.4  4.7E-02  OK|
 +----------------------+------+---------+---------+------------------+
 | K-TurbKE             | 0.99 | 4.0E-04 | 2.3E-03 |  5.4  4.8E-02  OK|
 | E-Diss.K             | 0.95 | 6.1E-04 | 1.3E-02 |  7.2  1.4E-02  OK|
 +----------------------+------+---------+---------+------------------+

 ======================================================================
 OUTER LOOP ITERATION =  473 (   18) CPU SECONDS = 3.823E+02 (2.200E+01)
 ----------------------------------------------------------------------
 |       Equation       | Rate | RMS Res | Max Res |  Linear Solution |
 +----------------------+------+---------+---------+------------------+
 | U-Mom                | 0.97 | 9.9E-05 | 4.6E-03 |       3.0E-02  OK|
 | V-Mom                | 0.93 | 1.1E-04 | 3.3E-03 |       2.8E-02  OK|
 | W-Mom                | 0.90 | 6.0E-05 | 1.8E-03 |       7.0E-02  OK|
 | P-Mass               | 0.94 | 2.3E-05 | 2.1E-04 | 13.5  4.1E-02  OK|
 +----------------------+------+---------+---------+------------------+
 | H-Energy             | 0.91 | 1.4E-04 | 1.8E-03 |  5.4  4.8E-02  OK|
 +----------------------+------+---------+---------+------------------+
 | K-TurbKE             | 0.99 | 4.0E-04 | 1.8E-03 |  5.4  4.8E-02  OK|
 | E-Diss.K             | 0.96 | 5.9E-04 | 1.2E-02 |  7.2  1.5E-02  OK|
 +----------------------+------+---------+---------+------------------+

 ======================================================================
 OUTER LOOP ITERATION =  474 (   19) CPU SECONDS = 3.835E+02 (2.320E+01)
 ----------------------------------------------------------------------
 |       Equation       | Rate | RMS Res | Max Res |  Linear Solution |
 +----------------------+------+---------+---------+------------------+
 | U-Mom                | 0.97 | 9.6E-05 | 4.8E-03 |       3.0E-02  OK|
 | V-Mom                | 0.94 | 1.0E-04 | 3.5E-03 |       2.9E-02  OK|
 | W-Mom                | 0.90 | 5.5E-05 | 1.8E-03 |       7.6E-02  OK|
 | P-Mass               | 0.94 | 2.2E-05 | 1.8E-04 | 13.5  4.2E-02  OK|
 +----------------------+------+---------+---------+------------------+
 | H-Energy             | 0.92 | 1.3E-04 | 1.6E-03 |  5.4  5.1E-02  OK|
 +----------------------+------+---------+---------+------------------+
 | K-TurbKE             | 0.98 | 3.9E-04 | 1.8E-03 |  5.4  4.7E-02  OK|
 | E-Diss.K             | 0.96 | 5.6E-04 | 1.1E-02 |  7.2  1.5E-02  OK|
 +----------------------+------+---------+---------+------------------+

 ======================================================================
 OUTER LOOP ITERATION =  475 (   20) CPU SECONDS = 3.847E+02 (2.445E+01)
 ----------------------------------------------------------------------
 |       Equation       | Rate | RMS Res | Max Res |  Linear Solution |
 +----------------------+------+---------+---------+------------------+
 | U-Mom                | 0.97 | 9.3E-05 | 4.8E-03 |       3.0E-02  OK|
 | V-Mom                | 0.95 | 9.9E-05 | 3.6E-03 |       2.9E-02  OK|
 | W-Mom                | 0.92 | 5.0E-05 | 1.7E-03 |       8.1E-02  OK|
 | P-Mass               | 0.94 | 2.1E-05 | 1.7E-04 | 13.5  4.3E-02  OK|
 +----------------------+------+---------+---------+------------------+
 | H-Energy             | 0.93 | 1.2E-04 | 1.5E-03 |  5.4  5.5E-02  OK|
 +----------------------+------+---------+---------+------------------+
 | K-TurbKE             | 0.98 | 3.8E-04 | 1.9E-03 |  5.4  4.7E-02  OK|
 | E-Diss.K             | 0.95 | 5.3E-04 | 1.0E-02 |  7.2  1.5E-02  OK|
 +----------------------+------+---------+---------+------------------+

 ======================================================================
 |                        Timescale Information                       |
 ----------------------------------------------------------------------
 |       Equation       |         Type          |      Timescale      |
 +----------------------+-----------------------+---------------------+
 | U-Mom                | Auto Timescale        |     1.66133E-01     |
 | V-Mom                | Auto Timescale        |     1.66133E-01     |
 | W-Mom                | Auto Timescale        |     1.66133E-01     |
 +----------------------+-----------------------+---------------------+
 | H-Energy             | Auto Timescale        |     1.66133E-01     |
 +----------------------+-----------------------+---------------------+
 | K-TurbKE             | Auto Timescale        |     1.66133E-01     |
 | E-Diss.K             | Auto Timescale        |     1.66133E-01     |
 +----------------------+-----------------------+---------------------+

 ======================================================================
 OUTER LOOP ITERATION =  476 (   21) CPU SECONDS = 3.861E+02 (2.582E+01)
 ----------------------------------------------------------------------
 |       Equation       | Rate | RMS Res | Max Res |  Linear Solution |
 +----------------------+------+---------+---------+------------------+
 | U-Mom                | 0.97 | 9.0E-05 | 4.8E-03 |       3.0E-02  OK|
 | V-Mom                | 0.96 | 9.5E-05 | 3.7E-03 |       2.9E-02  OK|
 | W-Mom                | 0.94 | 4.8E-05 | 1.7E-03 |       8.4E-02  OK|
 | P-Mass               | 0.94 | 1.9E-05 | 1.5E-04 | 13.5  4.4E-02  OK|
 +----------------------+------+---------+---------+------------------+
 | H-Energy             | 0.94 | 1.1E-04 | 1.3E-03 |  5.4  5.9E-02  OK|
 +----------------------+------+---------+---------+------------------+
 | K-TurbKE             | 0.97 | 3.7E-04 | 1.9E-03 |  5.4  4.6E-02  OK|
 | E-Diss.K             | 0.94 | 5.0E-04 | 9.4E-03 |  7.2  1.5E-02  OK|
 +----------------------+------+---------+---------+------------------+

 ======================================================================
 OUTER LOOP ITERATION =  477 (   22) CPU SECONDS = 3.874E+02 (2.711E+01)
 ----------------------------------------------------------------------
 |       Equation       | Rate | RMS Res | Max Res |  Linear Solution |
 +----------------------+------+---------+---------+------------------+
 | U-Mom                | 0.97 | 8.7E-05 | 4.7E-03 |       3.0E-02  OK|
 | V-Mom                | 0.97 | 9.2E-05 | 3.7E-03 |       2.9E-02  OK|
 | W-Mom                | 0.96 | 4.6E-05 | 1.7E-03 |       8.5E-02  OK|
 | P-Mass               | 0.94 | 1.8E-05 | 1.5E-04 | 13.5  4.5E-02  OK|
 +----------------------+------+---------+---------+------------------+
 | H-Energy             | 0.95 | 1.0E-04 | 1.2E-03 |  5.4  6.3E-02  OK|
 +----------------------+------+---------+---------+------------------+
 | K-TurbKE             | 0.97 | 3.6E-04 | 1.9E-03 |  5.4  4.6E-02  OK|
 | E-Diss.K             | 0.94 | 4.7E-04 | 8.7E-03 |  7.2  1.5E-02  OK|
 +----------------------+------+---------+---------+------------------+

 ======================================================================
 OUTER LOOP ITERATION =  478 (   23) CPU SECONDS = 3.888E+02 (2.855E+01)
 ----------------------------------------------------------------------
 |       Equation       | Rate | RMS Res | Max Res |  Linear Solution |
 +----------------------+------+---------+---------+------------------+
 | U-Mom                | 0.97 | 8.4E-05 | 4.6E-03 |       2.9E-02  OK|
 | V-Mom                | 0.97 | 8.9E-05 | 3.6E-03 |       2.9E-02  OK|
 | W-Mom                | 0.98 | 4.5E-05 | 1.6E-03 |       8.7E-02  OK|
 | P-Mass               | 0.94 | 1.7E-05 | 1.5E-04 | 13.5  4.5E-02  OK|
 +----------------------+------+---------+---------+------------------+
 | H-Energy             | 0.95 | 9.9E-05 | 1.1E-03 |  5.4  6.5E-02  OK|
 +----------------------+------+---------+---------+------------------+
 | K-TurbKE             | 0.96 | 3.4E-04 | 1.8E-03 |  5.4  4.6E-02  OK|
 | E-Diss.K             | 0.94 | 4.4E-04 | 7.9E-03 |  7.2  1.5E-02  OK|
 +----------------------+------+---------+---------+------------------+
                   
 CFD Solver finished: Sat Dec  8 22:26:05 2018
 CFD Solver wall clock seconds: 2.7507E+01

 ======================================================================
              Termination and Interrupt Condition Summary
 ======================================================================
    
 CFD Solver: All target criteria reached
   (Equation residuals)

 ======================================================================
              Boundary Flow and Total Source Term Summary
 ======================================================================

 +--------------------------------------------------------------------+
 |                               U-Mom                                |
 +--------------------------------------------------------------------+
 Boundary         : Default Domain Default                 -3.6463E+01
 Boundary         : in1                                     5.7605E-05
 Boundary         : in2                                    -6.8804E-05
 Boundary         : out                                     2.9394E+01
                                                           -----------
 Domain Imbalance :                                        -7.0689E+00

 +--------------------------------------------------------------------+
 |                               V-Mom                                |
 +--------------------------------------------------------------------+
 Boundary         : Default Domain Default                  1.1892E+02
 Boundary         : in1                                     6.8663E+04
 Boundary         : in2                                    -6.8793E+04
 Boundary         : out                                     1.3060E+01
                                                           -----------
 Domain Imbalance :                                         1.8650E+00

 +--------------------------------------------------------------------+
 |                               W-Mom                                |
 +--------------------------------------------------------------------+
 Boundary         : Default Domain Default                 -1.2200E+04
 Boundary         : in1                                    -1.5483E-05
 Boundary         : in2                                    -6.5173E-06
 Boundary         : out                                     1.2237E+04
                                                           -----------
 Domain Imbalance :                                         3.7354E+01

 +--------------------------------------------------------------------+
 |                               P-Mass                               |
 +--------------------------------------------------------------------+
 Boundary         : in1                                     1.5000E+03
 Boundary         : in2                                     1.5000E+03
 Boundary         : out                                    -2.9995E+03
                                                           -----------
 Domain Imbalance :                                         4.7070E-01

 +--------------------------------------------------------------------+
 |                              H-Energy                              |
 +--------------------------------------------------------------------+
 Boundary         : in1                                     1.0569E+08
 Boundary         : in2                                    -8.2484E+07
 Boundary         : out                                    -2.3110E+07
                                                           -----------
 Domain Imbalance :                                         9.8518E+04


 +--------------------------------------------------------------------+
 |                     Normalised Imbalance Summary                   |
 +--------------------------------------------------------------------+
 |       Equation       |      Maximum Flow     |     Imbalance (%)   |
 +--------------------------------------------------------------------+
 | U-Mom                |       6.8793E+04      |       -0.0103       |
 | V-Mom                |       6.8793E+04      |        0.0027       |
 | W-Mom                |       6.8793E+04      |        0.0543       |
 | P-Mass               |       2.9995E+03      |        0.0157       |
 +----------------------+-----------------------+---------------------+
 | H-Energy             |       1.0569E+08      |        0.0932       |
 +----------------------+-----------------------+---------------------+

 ======================================================================
                     Wall Force and Moment Summary
 ======================================================================
                                                                          
 Notes:
 1. Pressure integrals exclude the reference pressure.  To include
    it, set the expert parameter 'include pref in forces = t'.


 +--------------------------------------------------------------------+
 |                      Pressure Force On Walls                       |
 +--------------------------------------------------------------------+
                                    X-Comp.      Y-Comp.      Z-Comp.

 Domain Group: Default Domain

 Default Domain Default           3.6484E+01  -1.2256E+02   1.2302E+04
                                  -----------  -----------  -----------
 Domain Group Totals :            3.6484E+01  -1.2256E+02   1.2302E+04


 +--------------------------------------------------------------------+
 |                       Viscous Force On Walls                       |
 +--------------------------------------------------------------------+
                                    X-Comp.      Y-Comp.      Z-Comp.

 Domain Group: Default Domain

 Default Domain Default           9.4068E-02   3.6665E+00  -1.0447E+02
                                  -----------  -----------  -----------
 Domain Group Totals :            9.4068E-02   3.6665E+00  -1.0447E+02


 +--------------------------------------------------------------------+
 |                      Pressure Moment On Walls                      |
 +--------------------------------------------------------------------+
                                    X-Comp.      Y-Comp.      Z-Comp.

 Domain Group: Default Domain

 Default Domain Default           1.3771E+02   1.4665E+01  -1.1890E+05
                                  -----------  -----------  -----------
 Domain Group Totals :            1.3771E+02   1.4665E+01  -1.1890E+05


 +--------------------------------------------------------------------+
 |                       Viscous Moment On Walls                      |
 +--------------------------------------------------------------------+
                                    X-Comp.      Y-Comp.      Z-Comp.

 Domain Group: Default Domain

 Default Domain Default          -5.4447E+00  -5.1160E+00  -6.5427E+03
                                  -----------  -----------  -----------
 Domain Group Totals :           -5.4447E+00  -5.1160E+00  -6.5427E+03


 +--------------------------------------------------------------------+
 |                   Locations of Maximum Residuals                   |
 +--------------------------------------------------------------------+
 |       Equation       |      Domain Name      |     Node Number     |
 +--------------------------------------------------------------------+
 | U-Mom                | Default Domain        |          24819      |
 | V-Mom                | Default Domain        |          24819      |
 | W-Mom                | Default Domain        |          24837      |
 | P-Mass               | Default Domain        |          26065      |
 +----------------------+-----------------------+---------------------+
 | H-Energy             | Default Domain        |          25264      |
 +----------------------+-----------------------+---------------------+
 | K-TurbKE             | Default Domain        |             65      |
 | E-Diss.K             | Default Domain        |          26094      |
 +----------------------+-----------------------+---------------------+

 ======================================================================
 |                     False Transient Information                    |
 +--------------------------------------------------------------------+
 |       Equation       |         Type          | Elapsed Pseudo-Time |
 +--------------------------------------------------------------------+
 | U-Mom                | Auto Timescale        |     3.85620E+00     |
 | V-Mom                | Auto Timescale        |     3.85620E+00     |
 | W-Mom                | Auto Timescale        |     3.85620E+00     |
 +----------------------+-----------------------+---------------------+
 | H-Energy             | Auto Timescale        |     3.85620E+00     |
 +----------------------+-----------------------+---------------------+
 | K-TurbKE             | Auto Timescale        |     3.85620E+00     |
 | E-Diss.K             | Auto Timescale        |     3.85620E+00     |
 +----------------------+-----------------------+---------------------+

 +--------------------------------------------------------------------+
 |                     Average Scale Information                      |
 +--------------------------------------------------------------------+

 Domain Name : Default Domain
     Global Length                                         = 3.2201E+00
     Minimum Extent                                        = 4.0000E+00
     Maximum Extent                                        = 6.0000E+00
     Density                                               = 9.9700E+02
     Dynamic Viscosity                                     = 8.8990E-04
     Velocity                                              = 6.0927E+00
     Advection Time                                        = 5.2852E-01
     Reynolds Number                                       = 2.1981E+07
     Thermal Conductivity                                  = 6.0690E-01
     Specific Heat Capacity at Constant Pressure           = 4.1817E+03
     Prandtl Number                                        = 6.1316E+00
     Temperature Range                                     = 3.0019E+01

 +--------------------------------------------------------------------+
 |                     Variable Range Information                     |
 +--------------------------------------------------------------------+

 Domain Name : Default Domain
 +--------------------------------------------------------------------+
 |      Variable Name                         |    min    |    max    |
 +--------------------------------------------------------------------+
 | Density                                    |  9.97E+02 |  9.97E+02 |
 | Specific Heat Capacity at Constant Pressure|  4.18E+03 |  4.18E+03 |
 | Dynamic Viscosity                          |  8.90E-04 |  8.90E-04 |
 | Thermal Conductivity                       |  6.07E-01 |  6.07E-01 |
 | Static Entropy                             | -1.89E+02 |  2.30E+02 |
 | Velocity u                                 | -7.18E+00 |  7.18E+00 |
 | Velocity v                                 | -7.54E+00 |  7.55E+00 |
 | Velocity w                                 | -5.56E+00 |  2.07E+00 |
 | Pressure                                   | -1.15E+04 |  8.70E+04 |
 | Turbulence Kinetic Energy                  |  1.04E-04 |  4.79E+00 |
 | Turbulence Eddy Dissipation                |  3.14E-04 |  2.86E+02 |
 | Eddy Viscosity                             |  1.36E-03 |  3.37E+02 |
 | Temperature                                |  2.85E+02 |  3.15E+02 |
 | Static Enthalpy                            | -5.50E+04 |  7.05E+04 |
 +--------------------------------------------------------------------+

 +--------------------------------------------------------------------+
 |               CPU Requirements of Numerical Solution               |
 +--------------------------------------------------------------------+

 Subsystem Name                  Discretization       Linear Solution
                                (secs.   %total)     (secs.   %total) 
 ----------------------------------------------------------------------
 Momentum and Mass              9.84E+00  32.2 %     2.97E+00   9.7 %
 Heat Transfer                  3.21E+00  10.5 %     1.02E+00   3.3 %
 TurbKE and Diss.K              4.90E+00  16.0 %     2.25E+00   7.4 %
                                -------- -------     --------  ------
 Subsystem Summary              1.79E+01  58.7 %     6.24E+00  20.4 %

 File Reading                   2.20E-02    0.1 %
 Variable Updates               3.08E+00   10.1 %
 File Writing                   3.93E-01    1.3 %
 Miscellaneous                  2.90E+00    9.5 %
                                --------
 Total                          3.06E+01

 +--------------------------------------------------------------------+
 |                   Job Information at End of Run                    |
 +--------------------------------------------------------------------+

 Host computer:  JAMIE-DESKTOP (PID:4976)

 Job finished:   Sat Dec  8 22:26:06 2018

 Total wall clock time: 3.057E+01 seconds
             or: (          0:         0:         0:    30.570 )
                 (       Days:     Hours:   Minutes:   Seconds )

End of solution stage.

 +--------------------------------------------------------------------+
 | The results from this run of the ANSYS CFX Solver have been        |
 | written to B:/Documents/GitProjects/CFD/Stick/CFD                  |
 | BackUps/CFD-Static-Mixer/StaticMixerDX_pending/dp9_CFX_Solution/F- |
 | luid Flow CFX_013.res                                              |
 +--------------------------------------------------------------------+


 +--------------------------------------------------------------------+
 | For CFX runs launched from Workbench, the final locations of       |
 | directories and files generated may differ from those shown.       |
 +--------------------------------------------------------------------+


This run of the ANSYS CFX Solver has finished.
