 This run of the CFX Release 19.1 Solver started at 00:14:48 on 10 Dec
 2018 by user Jamie on JAMIE-DESKTOP (intel_xeon64.sse2_winnt) using the
 command:
 
  "B:\Programs\ANSYS Inc\ANSYS Student\v191\CFX\bin\perllib\cfx5solve.pl"
    -batch -ccl runInput.ccl -fullname "Fluid Flow CFX_009"
 
 Release 19.1
 
  Point Releases and Patches installed:
  Academic Student Release 19.1
 
 Setting up CFX Solver run ...
 
 
 +--------------------------------------------------------------------+
 |                                                                    |
 |                    CFX Command Language for Run                    |
 |                                                                    |
 +--------------------------------------------------------------------+
 
 LIBRARY:
   CEL:
     EXPRESSIONS:
       inMassFlow = 1500 [kg s^-1]
     END
   END
   MATERIAL: Water
     Material Description = Water (liquid)
     Material Group = Water Data, Constant Property Liquids
     Option = Pure Substance
     Thermodynamic State = Liquid
     PROPERTIES:
       Option = General Material
       EQUATION OF STATE:
         Density = 997.0 [kg m^-3]
         Molar Mass = 18.02 [kg kmol^-1]
         Option = Value
       END
       SPECIFIC HEAT CAPACITY:
         Option = Value
         Specific Heat Capacity = 4181.7 [J kg^-1 K^-1]
         Specific Heat Type = Constant Pressure
       END
       REFERENCE STATE:
         Option = Specified Point
         Reference Pressure = 1 [atm]
         Reference Specific Enthalpy = 0.0 [J/kg]
         Reference Specific Entropy = 0.0 [J/kg/K]
         Reference Temperature = 25 [C]
       END
       DYNAMIC VISCOSITY:
         Dynamic Viscosity = 8.899E-4 [kg m^-1 s^-1]
         Option = Value
       END
       THERMAL CONDUCTIVITY:
         Option = Value
         Thermal Conductivity = 0.6069 [W m^-1 K^-1]
       END
       ABSORPTION COEFFICIENT:
         Absorption Coefficient = 1.0 [m^-1]
         Option = Value
       END
       SCATTERING COEFFICIENT:
         Option = Value
         Scattering Coefficient = 0.0 [m^-1]
       END
       REFRACTIVE INDEX:
         Option = Value
         Refractive Index = 1.0 [m m^-1]
       END
       THERMAL EXPANSIVITY:
         Option = Value
         Thermal Expansivity = 2.57E-04 [K^-1]
       END
     END
   END
 END
 FLOW: Flow Analysis 1
   SOLUTION UNITS:
     Angle Units = [rad]
     Length Units = [m]
     Mass Units = [kg]
     Solid Angle Units = [sr]
     Temperature Units = [K]
     Time Units = [s]
   END
   ANALYSIS TYPE:
     Option = Steady State
     EXTERNAL SOLVER COUPLING:
       Option = None
     END
   END
   DOMAIN: Default Domain
     Coord Frame = Coord 0
     Domain Type = Fluid
     Location = B17
     BOUNDARY: Default Domain Default
       Boundary Type = WALL
       Location = F12.17,F14.17,F16.17,F19.17,F20.17,F21.17
       BOUNDARY CONDITIONS:
         HEAT TRANSFER:
           Option = Adiabatic
         END
         MASS AND MOMENTUM:
           Option = No Slip Wall
         END
         WALL ROUGHNESS:
           Option = Smooth Wall
         END
       END
     END
     BOUNDARY: in1
       Boundary Type = INLET
       Location = in1
       BOUNDARY CONDITIONS:
         FLOW DIRECTION:
           Option = Normal to Boundary Condition
         END
         FLOW REGIME:
           Option = Subsonic
         END
         HEAT TRANSFER:
           Option = Static Temperature
           Static Temperature = 315 [K]
         END
         MASS AND MOMENTUM:
           Mass Flow Rate = inMassFlow
           Mass Flow Rate Area = As Specified
           Option = Mass Flow Rate
         END
         TURBULENCE:
           Option = Medium Intensity and Eddy Viscosity Ratio
         END
       END
     END
     BOUNDARY: in2
       Boundary Type = INLET
       Location = in2
       BOUNDARY CONDITIONS:
         FLOW DIRECTION:
           Option = Normal to Boundary Condition
         END
         FLOW REGIME:
           Option = Subsonic
         END
         HEAT TRANSFER:
           Option = Static Temperature
           Static Temperature = 285 [K]
         END
         MASS AND MOMENTUM:
           Mass Flow Rate = inMassFlow
           Mass Flow Rate Area = As Specified
           Option = Mass Flow Rate
         END
         TURBULENCE:
           Option = Medium Intensity and Eddy Viscosity Ratio
         END
       END
     END
     BOUNDARY: out
       Boundary Type = OUTLET
       Location = out
       BOUNDARY CONDITIONS:
         FLOW REGIME:
           Option = Subsonic
         END
         MASS AND MOMENTUM:
           Option = Static Pressure
           Relative Pressure = 0 [Pa]
         END
       END
     END
     DOMAIN MODELS:
       BUOYANCY MODEL:
         Option = Non Buoyant
       END
       DOMAIN MOTION:
         Option = Stationary
       END
       MESH DEFORMATION:
         Option = None
       END
       REFERENCE PRESSURE:
         Reference Pressure = 1 [atm]
       END
     END
     FLUID DEFINITION: Fluid 1
       Material = Water
       Option = Material Library
       MORPHOLOGY:
         Option = Continuous Fluid
       END
     END
     FLUID MODELS:
       COMBUSTION MODEL:
         Option = None
       END
       HEAT TRANSFER MODEL:
         Option = Thermal Energy
       END
       THERMAL RADIATION MODEL:
         Option = None
       END
       TURBULENCE MODEL:
         Option = k epsilon
       END
       TURBULENT WALL FUNCTIONS:
         Option = Scalable
       END
     END
   END
   OUTPUT CONTROL:
     RESULTS:
       File Compression Level = Default
       Option = Standard
     END
   END
   SOLVER CONTROL:
     Turbulence Numerics = High Resolution
     ADVECTION SCHEME:
       Option = High Resolution
     END
     CONVERGENCE CONTROL:
       Length Scale Option = Conservative
       Maximum Number of Iterations = 100
       Minimum Number of Iterations = 5
       Timescale Control = Auto Timescale
       Timescale Factor = 1.0
     END
     CONVERGENCE CRITERIA:
       Residual Target = 1.E-4
       Residual Type = RMS
     END
     DYNAMIC MODEL CONTROL:
       Global Dynamic Model Control = On
     END
   END
 END
 COMMAND FILE:
   Version = 19.1
   Results Version = 19.1
 END
 PARAMETERIZATION:
   INPUT FIELD: inMassFlow
     Expression Name = inMassFlow
     Method = Expression
   END
 END
 SIMULATION CONTROL:
   EXECUTION CONTROL:
     EXECUTABLE SELECTION:
       Double Precision = No
       Large Problem = No
     END
     INTERPOLATOR STEP CONTROL:
       Runtime Priority = Standard
       MEMORY CONTROL:
         Memory Allocation Factor = 1.0
       END
     END
     PARALLEL HOST LIBRARY:
       HOST DEFINITION: jamiedesktop
         Remote Host Name = JAMIE-DESKTOP
         Host Architecture String = winnt-amd64
         Installation Root = B:\Programs\ANSYS Inc\ANSYS Student\v%v\CFX
       END
     END
     PARTITIONER STEP CONTROL:
       Multidomain Option = Automatic
       Runtime Priority = Standard
       MEMORY CONTROL:
         Memory Allocation Factor = 1.0
       END
       PARTITION SMOOTHING:
         Maximum Partition Smoothing Sweeps = 100
         Option = Smooth
       END
       PARTITIONING TYPE:
         MeTiS Type = k-way
         Option = MeTiS
         Partition Size Rule = Automatic
       END
     END
     RUN DEFINITION:
       Run Mode = Full
       Solver Input File = Fluid Flow CFX.def
       Solver Results File = B:/Documents/GitProjects/CFD/Stick/CFD \
         BackUps/CFD-Static-Mixer/StaticMixerDX_pending/dp13_CFX_Solution/Flui\
         d Flow CFX_009.res
       INITIAL VALUES SPECIFICATION:
         INITIAL VALUES CONTROL:
           Use Mesh From = Solver Input File
           Continue History From = Workbench Initial Values
         END
         INITIAL VALUES: Workbench Initial Values
           Option = Results File
           File Name = Fluid Flow CFX_008.res
         END
       END
     END
     SOLVER STEP CONTROL:
       Runtime Priority = Standard
       MEMORY CONTROL:
         Memory Allocation Factor = 1.0
       END
       PARALLEL ENVIRONMENT:
         Number of Processes = 1
         Start Method = Serial
       END
     END
   END
 END
 
 
 +--------------------------------------------------------------------+
 |                                                                    |
 |                  Interpolation of Initial Values                   |
 |                                                                    |
 +--------------------------------------------------------------------+
 
 


 +--------------------------------------------------------------------+
 |                                                                    |
 |                    ANSYS(R) CFX(R) Interpolator                    |
 |                                                                    |
 | Release 19.1                                                       |
 | Build 19.1 2018-04-17T13:27:50.069000                              |
 | Tue Apr 17 15:02:11 GMTDT 2018                                     |
 |                                                                    |
 |                        Executable Attributes                       |
 |                                                                    |
 |           single-64bit-int32-archfort-optimised-std-lcomp          |
 |                                                                    |
 | (C) 1996-2018 ANSYS, Inc.                                          |
 |                                                                    |
 | All rights reserved. Unauthorized use, distribution or duplication |
 | is prohibited. This product is subject to U.S. laws governing      |
 | export and re-export. For full Legal Notice, see documentation.    |
 +--------------------------------------------------------------------+




 +--------------------------------------------------------------------+
 |                  Job Information at Start of Run                   |
 +--------------------------------------------------------------------+

 Run mode:       serial run

 Host computer:  JAMIE-DESKTOP (PID:1552)

 Job started:    Mon Dec 10 00:14:48 2018


 +--------------------------------------------------------------------+
 |        Memory Allocated for Run  (Actual usage may be less)        |
 +--------------------------------------------------------------------+

           | Real       | Integer    | Character | Logical  | Double
 ----------+------------+------------+-----------+----------+----------
 Mwords    |       1.64 |       1.96 |      0.20 |     0.01 |     0.08
 Mbytes    |       6.25 |       7.47 |      0.19 |     0.04 |     0.64
 ----------+------------+------------+-----------+----------+----------


 +--------------------------------------------------------------------+
 |                  Host Memory Information (Mbytes)                  |
 +--------------------------------------------------------------------+
 |          Host           |     System     |   Allocated    |   %    |
 +-------------------------+----------------+----------------+--------+
 | JAMIE-DESKTOP           |      8138.83   |        14.59   |   0.18 |
 +-------------------------+----------------+----------------+--------+

 ======================================================================
               Interpolating Onto Domain "Default Domain"
 ======================================================================

 Total Number of Nodes in the Target Domain              =        27913
 Bounding Box Volume of the Target Mesh                  =  9.60000E+01


 Checking all source domains from the source file:
   Target mesh is different from domain "Default Domain".

 Searching for Candidate Source Domains:
   Domain "Default Domain"
     Number of Mapped Nodes                     =        25300 ( 90.6%)
     Bounding Box Overlap Volume                =  8.92716E+01 ( 93.0%)
   Setting Up Unmapped Nodes:
     Number of Unmapped Nodes                   =         2613 (  9.4%)

 Start interpolation of variables: 
   Source Domain Name                                    Mapped Nodes
   Default Domain                                        25300 ( 90.6%)

 +--------------------------------------------------------------------+
 |                     Variable Range Information                     |
 +--------------------------------------------------------------------+
 +--------------------------------------------------------------------+
 |      Variable Name                         |    min    |    max    |
 +--------------------------------------------------------------------+
 | Thermal Conductivity                       |  6.07E-01 |  6.07E-01 |
 | Courant Number                             |  8.74E-01 |  4.30E+01 |
 | Density                                    |  9.97E+02 |  9.97E+02 |
 | Static Enthalpy                            | -5.50E+04 |  7.05E+04 |
 | Static Entropy                             | -1.89E+02 |  2.30E+02 |
 | Pressure                                   | -8.68E+03 |  6.96E+04 |
 | Specific Heat Capacity at Constant Pressure|  4.18E+03 |  4.18E+03 |
 | Specific Heat Capacity at Constant Volume  |  4.18E+03 |  4.18E+03 |
 | Turbulence Eddy Dissipation                |  3.10E-04 |  1.31E+02 |
 | Turbulence Eddy Frequency                  |  6.59E+00 |  1.74E+03 |
 | Temperature                                |  2.85E+02 |  3.15E+02 |
 | Turbulence Kinetic Energy                  |  1.15E-04 |  3.27E+00 |
 | Velocity                                   |  3.43E-01 |  7.37E+00 |
 | Dynamic Viscosity                          |  8.90E-04 |  8.90E-04 |
 | Eddy Viscosity                             |  1.45E-03 |  3.04E+02 |
 +--------------------------------------------------------------------+

 +--------------------------------------------------------------------+
 |                 CPU Requirements of Interpolation                  |
 +--------------------------------------------------------------------+

 Interpolation Step              Time    Percentage
                                (secs.   %total)
 ----------------------------------------------------------------------
 Tree Setup                     1.56E-01   28.3 %
 Interpolation                  1.87E-01   33.9 %
 Unmatched Nodes                2.70E-02    4.9 %
 Miscellaneous                  1.82E-01   33.0 %
                                --------
 Total                          5.52E-01

 +--------------------------------------------------------------------+
 |                   Job Information at End of Run                    |
 +--------------------------------------------------------------------+

 Host computer:  JAMIE-DESKTOP (PID:1552)

 Job finished:   Mon Dec 10 00:14:49 2018

 Total wall clock time: 5.490E-01 seconds
             or: (          0:         0:         0:     0.549 )
                 (       Days:     Hours:   Minutes:   Seconds )

 
 +--------------------------------------------------------------------+
 |                                                                    |
 |                               Solver                               |
 |                                                                    |
 +--------------------------------------------------------------------+
 



 +--------------------------------------------------------------------+
 |                                                                    |
 |                       ANSYS(R) CFX(R) Solver                       |
 |                                                                    |
 | Release 19.1                                                       |
 | Build 19.1 2018-04-17T13:27:50.069000                              |
 | Tue Apr 17 15:02:11 GMTDT 2018                                     |
 |                                                                    |
 |                        Executable Attributes                       |
 |                                                                    |
 |           single-64bit-int32-archfort-optimised-std-lcomp          |
 |                                                                    |
 | (C) 1996-2018 ANSYS, Inc.                                          |
 |                                                                    |
 | All rights reserved. Unauthorized use, distribution or duplication |
 | is prohibited. This product is subject to U.S. laws governing      |
 | export and re-export. For full Legal Notice, see documentation.    |
 +--------------------------------------------------------------------+




 +--------------------------------------------------------------------+
 |                  Job Information at Start of Run                   |
 +--------------------------------------------------------------------+

 Run mode:       serial run

 Host computer:  JAMIE-DESKTOP (PID:14512)

 Job started:    Mon Dec 10 00:14:51 2018

 +--------------------------------------------------------------------+
 |                        License Information                         |
 +--------------------------------------------------------------------+
 
 License Cap:    ANSYS CFX Solver (Max 128K Nodes)
 License ID:     JAMIE-DESKTOP-Jamie-17576-012860


 +--------------------------------------------------------------------+
 |        Memory Allocated for Run  (Actual usage may be less)        |
 +--------------------------------------------------------------------+

           | Real       | Integer    | Character | Logical  | Double
 ----------+------------+------------+-----------+----------+----------
 Mwords    |      17.51 |       4.87 |      7.26 |     0.12 |     0.91
 Mbytes    |      66.80 |      18.58 |      6.93 |     0.46 |     6.93
 ----------+------------+------------+-----------+----------+----------


 +--------------------------------------------------------------------+
 |                  Host Memory Information (Mbytes)                  |
 +--------------------------------------------------------------------+
 |          Host           |     System     |   Allocated    |   %    |
 +-------------------------+----------------+----------------+--------+
 | JAMIE-DESKTOP           |      8138.83   |        99.69   |   1.22 |
 +-------------------------+----------------+----------------+--------+


 +--------------------------------------------------------------------+
 |                     ****** Notice ******                           |
 | The Wall Heat Transfer Coefficient written to the results file for |
 | any turbulent phase with heat transfer is based on the turbulent   |
 | wall function coefficient. It is consistent with the Wall Heat Flux|
 | the wall temperature, and the Wall Adjacent Temperature            |
 | (near-wall temperature).  If you would like it to be based on a    |
 | user-specified bulk temperature instead, please set the expert     |
 | parameter "tbulk for htc = <value>".                               |
 +--------------------------------------------------------------------+

 +--------------------------------------------------------------------+
 |                      Topology Simplification                       |
 +--------------------------------------------------------------------+

 +--------------------------------------------------------------------+
 |                       ****** Warning ******                        |
 |                                                                    |
 | Topology simplification is activated with the following            |
 | restrictions:                                                      |
 |                                                                    |
 | - Mesh regions referenced only within User Fortran and NOT         |
 |   in the command file will cause the solver to stop.               |
 | - The solver will stop during any "Edit Run in Progress" step      |
 |   if new 2D regions are referenced.                                |
 +--------------------------------------------------------------------+

 +--------------------------------------------------------------------+
 |                          Mesh Statistics                           |
 +--------------------------------------------------------------------+
 | Domain Name          | Orthog. Angle | Exp. Factor  | Aspect Ratio |
 +----------------------+---------------+--------------+--------------+
 |                      | Minimum [deg] |   Maximum    |    Maximum   |
 +----------------------+---------------+--------------+--------------+
 | Default Domain       |       30.8 ok |        11 ok |        28 OK |
 +----------------------+---------------+--------------+--------------+
 |                      |  %!  %ok  %OK | %!  %ok  %OK | %!  %ok  %OK |
 +----------------------+---------------+--------------+--------------+
 | Default Domain       |   0    1   99 |  0   <1  100 |  0    0  100 |
 +----------------------+---------------+--------------+--------------+

 Domain Name : Default Domain

     Total Number of Nodes                                =       27913

     Total Number of Elements                             =      100580
         Total Number of Tetrahedrons                     =       73505
         Total Number of Prisms                           =       27075

     Total Number of Faces                                =        7355

 +--------------------------------------------------------------------+
 |      Initial Conditions Supplied by Fields in the Input Files      |
 +--------------------------------------------------------------------+

 Domain Name : Default Domain
     Courant Number
     Eddy Viscosity
     Pressure
     Specific Heat Capacity at Constant Pressure
     Static Enthalpy
     Static Entropy
     Temperature
     Turbulence Eddy Dissipation
     Turbulence Eddy Frequency
     Turbulence Kinetic Energy
     Velocity

 +--------------------------------------------------------------------+
 |                     Average Scale Information                      |
 +--------------------------------------------------------------------+

 Domain Name : Default Domain
     Global Length                                         = 3.2431E+00
     Minimum Extent                                        = 4.0000E+00
     Maximum Extent                                        = 6.0000E+00
     Density                                               = 9.9700E+02
     Dynamic Viscosity                                     = 8.8990E-04
     Velocity                                              = 5.8177E+00
     Advection Time                                        = 5.5746E-01
     Reynolds Number                                       = 2.1138E+07
     Thermal Conductivity                                  = 6.0690E-01
     Specific Heat Capacity at Constant Pressure           = 4.1817E+03
     Prandtl Number                                        = 6.1316E+00
     Temperature Range                                     = 3.0008E+01

 +--------------------------------------------------------------------+
 |                Checking for Isolated Fluid Regions                 |
 +--------------------------------------------------------------------+
 
 No isolated fluid regions were found.

 +--------------------------------------------------------------------+
 |              The Equations Solved in This Calculation              |
 +--------------------------------------------------------------------+

 Subsystem : Momentum and Mass

   U-Mom
   V-Mom
   W-Mom
   P-Mass

 Subsystem : Heat Transfer

   H-Energy

 Subsystem : TurbKE and Diss.K

   K-TurbKE
   E-Diss.K
                   
 CFD Solver started: Mon Dec 10 00:14:52 2018


 +--------------------------------------------------------------------+
 |                       Convergence History                          |
 +--------------------------------------------------------------------+

 ======================================================================
 |                        Timescale Information                       |
 ----------------------------------------------------------------------
 |       Equation       |         Type          |      Timescale      |
 +----------------------+-----------------------+---------------------+
 | U-Mom                | Auto Timescale        |     1.72972E-01     |
 | V-Mom                | Auto Timescale        |     1.72972E-01     |
 | W-Mom                | Auto Timescale        |     1.72972E-01     |
 +----------------------+-----------------------+---------------------+
 | H-Energy             | Auto Timescale        |     1.72972E-01     |
 +----------------------+-----------------------+---------------------+
 | K-TurbKE             | Auto Timescale        |     1.72972E-01     |
 | E-Diss.K             | Auto Timescale        |     1.72972E-01     |
 +----------------------+-----------------------+---------------------+

 ======================================================================
 OUTER LOOP ITERATION =  390 (    1) CPU SECONDS = 2.843E+02 (1.308E+00)
 ----------------------------------------------------------------------
 |       Equation       | Rate | RMS Res | Max Res |  Linear Solution |
 +----------------------+------+---------+---------+------------------+
 | U-Mom                | 0.00 | 1.3E-02 | 3.7E-01 |       7.8E-02  OK|
 | V-Mom                | 0.00 | 4.1E-03 | 1.1E-01 |       1.2E-01  ok|
 | W-Mom                | 0.00 | 3.4E-03 | 2.0E-01 |       1.5E-01  ok|
 | P-Mass               | 0.00 | 1.5E-02 | 4.7E-01 |  5.2  5.8E-02  OK|
 +----------------------+------+---------+---------+------------------+
 | H-Energy             | 0.00 | 2.0E-02 | 5.9E-01 |  5.4  2.4E-02  OK|
 +----------------------+------+---------+---------+------------------+
 | K-TurbKE             | 0.00 | 1.2E-02 | 3.1E-01 |  5.4  3.7E-02  OK|
 | E-Diss.K             | 0.00 | 4.7E-02 | 9.3E-01 |  7.2  2.4E-03  OK|
 +----------------------+------+---------+---------+------------------+

 ======================================================================
 |                        Timescale Information                       |
 ----------------------------------------------------------------------
 |       Equation       |         Type          |      Timescale      |
 +----------------------+-----------------------+---------------------+
 | U-Mom                | Auto Timescale        |     1.78774E-01     |
 | V-Mom                | Auto Timescale        |     1.78774E-01     |
 | W-Mom                | Auto Timescale        |     1.78774E-01     |
 +----------------------+-----------------------+---------------------+
 | H-Energy             | Auto Timescale        |     1.78774E-01     |
 +----------------------+-----------------------+---------------------+
 | K-TurbKE             | Auto Timescale        |     1.78774E-01     |
 | E-Diss.K             | Auto Timescale        |     1.78774E-01     |
 +----------------------+-----------------------+---------------------+

 ======================================================================
 OUTER LOOP ITERATION =  391 (    2) CPU SECONDS = 2.856E+02 (2.621E+00)
 ----------------------------------------------------------------------
 |       Equation       | Rate | RMS Res | Max Res |  Linear Solution |
 +----------------------+------+---------+---------+------------------+
 | U-Mom                | 1.54 | 2.0E-02 | 4.6E-01 |       1.4E-02  OK|
 | V-Mom                | 0.80 | 3.3E-03 | 7.0E-02 |       6.4E-02  OK|
 | W-Mom                | 2.00 | 6.8E-03 | 1.8E-01 |       2.4E-02  OK|
 | P-Mass               | 0.16 | 2.3E-03 | 1.1E-01 |  9.3  3.6E-02  OK|
 +----------------------+------+---------+---------+------------------+
 | H-Energy             | 0.45 | 8.8E-03 | 1.7E-01 |  5.4  4.0E-02  OK|
 +----------------------+------+---------+---------+------------------+
 | K-TurbKE             | 1.15 | 1.4E-02 | 6.8E-01 |  5.4  2.3E-02  OK|
 | E-Diss.K             | 0.48 | 2.2E-02 | 6.9E-01 |  7.2  1.4E-03  OK|
 +----------------------+------+---------+---------+------------------+

 ======================================================================
 OUTER LOOP ITERATION =  392 (    3) CPU SECONDS = 2.868E+02 (3.813E+00)
 ----------------------------------------------------------------------
 |       Equation       | Rate | RMS Res | Max Res |  Linear Solution |
 +----------------------+------+---------+---------+------------------+
 | U-Mom                | 0.90 | 1.8E-02 | 7.1E-01 |       5.7E-02  OK|
 | V-Mom                | 0.97 | 3.2E-03 | 7.8E-02 |       1.8E-01  ok|
 | W-Mom                | 1.18 | 8.1E-03 | 2.1E-01 |       9.8E-02  OK|
 | P-Mass               | 0.99 | 2.3E-03 | 9.1E-02 |  5.2  6.4E-02  OK|
 +----------------------+------+---------+---------+------------------+
 | H-Energy             | 0.70 | 6.2E-03 | 1.9E-01 |  5.4  5.1E-02  OK|
 +----------------------+------+---------+---------+------------------+
 | K-TurbKE             | 0.37 | 5.0E-03 | 2.4E-01 |  5.4  2.4E-02  OK|
 | E-Diss.K             | 0.59 | 1.3E-02 | 6.1E-01 |  7.2  5.5E-04  OK|
 +----------------------+------+---------+---------+------------------+

 ======================================================================
 OUTER LOOP ITERATION =  393 (    4) CPU SECONDS = 2.879E+02 (4.962E+00)
 ----------------------------------------------------------------------
 |       Equation       | Rate | RMS Res | Max Res |  Linear Solution |
 +----------------------+------+---------+---------+------------------+
 | U-Mom                | 0.53 | 9.3E-03 | 3.8E-01 |       4.5E-02  OK|
 | V-Mom                | 0.67 | 2.2E-03 | 6.8E-02 |       1.2E-01  ok|
 | W-Mom                | 0.50 | 4.0E-03 | 1.4E-01 |       8.9E-02  OK|
 | P-Mass               | 1.05 | 2.4E-03 | 8.5E-02 |  5.2  4.0E-02  OK|
 +----------------------+------+---------+---------+------------------+
 | H-Energy             | 0.76 | 4.7E-03 | 7.8E-02 |  5.4  5.9E-02  OK|
 +----------------------+------+---------+---------+------------------+
 | K-TurbKE             | 4.98 | 2.5E-02 | 1.3E+00 |  5.4  1.1E-02  OK|
 | E-Diss.K             | 2.76 | 3.6E-02 | 1.5E+00 |  7.2  3.6E-04  OK|
 +----------------------+------+---------+---------+------------------+

 ======================================================================
 OUTER LOOP ITERATION =  394 (    5) CPU SECONDS = 2.891E+02 (6.161E+00)
 ----------------------------------------------------------------------
 |       Equation       | Rate | RMS Res | Max Res |  Linear Solution |
 +----------------------+------+---------+---------+------------------+
 | U-Mom                | 0.70 | 6.5E-03 | 2.2E-01 |       5.3E-02  OK|
 | V-Mom                | 0.70 | 1.5E-03 | 4.3E-02 |       1.3E-01  ok|
 | W-Mom                | 0.63 | 2.6E-03 | 8.7E-02 |       9.8E-02  OK|
 | P-Mass               | 0.39 | 9.4E-04 | 3.5E-02 |  5.2  2.8E-02  OK|
 +----------------------+------+---------+---------+------------------+
 | H-Energy             | 0.75 | 3.5E-03 | 5.0E-02 |  5.4  6.2E-02  OK|
 +----------------------+------+---------+---------+------------------+
 | K-TurbKE             | 0.56 | 1.4E-02 | 6.0E-01 |  5.4  1.6E-02  OK|
 | E-Diss.K             | 0.71 | 2.6E-02 | 8.6E-01 |  7.2  4.8E-04  OK|
 +----------------------+------+---------+---------+------------------+

 ======================================================================
 OUTER LOOP ITERATION =  395 (    6) CPU SECONDS = 2.903E+02 (7.355E+00)
 ----------------------------------------------------------------------
 |       Equation       | Rate | RMS Res | Max Res |  Linear Solution |
 +----------------------+------+---------+---------+------------------+
 | U-Mom                | 0.64 | 4.2E-03 | 1.2E-01 |       7.0E-02  OK|
 | V-Mom                | 0.72 | 1.1E-03 | 2.8E-02 |       1.6E-01  ok|
 | W-Mom                | 0.63 | 1.6E-03 | 5.5E-02 |       1.5E-01  ok|
 | P-Mass               | 0.48 | 4.5E-04 | 1.6E-02 |  5.2  3.6E-02  OK|
 +----------------------+------+---------+---------+------------------+
 | H-Energy             | 0.78 | 2.7E-03 | 3.9E-02 |  5.4  5.8E-02  OK|
 +----------------------+------+---------+---------+------------------+
 | K-TurbKE             | 0.44 | 6.2E-03 | 2.5E-01 |  5.4  2.2E-02  OK|
 | E-Diss.K             | 0.38 | 9.6E-03 | 4.4E-01 |  7.2  1.0E-03  OK|
 +----------------------+------+---------+---------+------------------+

 ======================================================================
 |                        Timescale Information                       |
 ----------------------------------------------------------------------
 |       Equation       |         Type          |      Timescale      |
 +----------------------+-----------------------+---------------------+
 | U-Mom                | Auto Timescale        |     1.84822E-01     |
 | V-Mom                | Auto Timescale        |     1.84822E-01     |
 | W-Mom                | Auto Timescale        |     1.84822E-01     |
 +----------------------+-----------------------+---------------------+
 | H-Energy             | Auto Timescale        |     1.84822E-01     |
 +----------------------+-----------------------+---------------------+
 | K-TurbKE             | Auto Timescale        |     1.84822E-01     |
 | E-Diss.K             | Auto Timescale        |     1.84822E-01     |
 +----------------------+-----------------------+---------------------+

 ======================================================================
 OUTER LOOP ITERATION =  396 (    7) CPU SECONDS = 2.915E+02 (8.543E+00)
 ----------------------------------------------------------------------
 |       Equation       | Rate | RMS Res | Max Res |  Linear Solution |
 +----------------------+------+---------+---------+------------------+
 | U-Mom                | 0.62 | 2.6E-03 | 8.1E-02 |       1.0E-01  ok|
 | V-Mom                | 0.80 | 8.7E-04 | 1.7E-02 |       1.6E-01  ok|
 | W-Mom                | 0.60 | 9.8E-04 | 3.3E-02 |       1.9E-01  ok|
 | P-Mass               | 0.51 | 2.3E-04 | 7.6E-03 |  5.2  4.5E-02  OK|
 +----------------------+------+---------+---------+------------------+
 | H-Energy             | 0.78 | 2.1E-03 | 3.1E-02 |  5.4  5.6E-02  OK|
 +----------------------+------+---------+---------+------------------+
 | K-TurbKE             | 0.46 | 2.8E-03 | 1.0E-01 |  5.4  2.8E-02  OK|
 | E-Diss.K             | 0.36 | 3.4E-03 | 1.6E-01 |  7.2  2.7E-03  OK|
 +----------------------+------+---------+---------+------------------+

 ======================================================================
 OUTER LOOP ITERATION =  397 (    8) CPU SECONDS = 2.927E+02 (9.703E+00)
 ----------------------------------------------------------------------
 |       Equation       | Rate | RMS Res | Max Res |  Linear Solution |
 +----------------------+------+---------+---------+------------------+
 | U-Mom                | 0.60 | 1.5E-03 | 5.2E-02 |       1.3E-01  ok|
 | V-Mom                | 0.76 | 6.6E-04 | 1.1E-02 |       1.6E-01  ok|
 | W-Mom                | 0.59 | 5.8E-04 | 1.7E-02 |       1.9E-01  ok|
 | P-Mass               | 0.53 | 1.2E-04 | 3.3E-03 |  5.2  5.3E-02  OK|
 +----------------------+------+---------+---------+------------------+
 | H-Energy             | 0.78 | 1.7E-03 | 2.4E-02 |  5.4  5.8E-02  OK|
 +----------------------+------+---------+---------+------------------+
 | K-TurbKE             | 0.54 | 1.5E-03 | 4.3E-02 |  5.4  3.4E-02  OK|
 | E-Diss.K             | 0.41 | 1.4E-03 | 3.9E-02 |  7.2  7.0E-03  OK|
 +----------------------+------+---------+---------+------------------+

 ======================================================================
 OUTER LOOP ITERATION =  398 (    9) CPU SECONDS = 2.938E+02 (1.085E+01)
 ----------------------------------------------------------------------
 |       Equation       | Rate | RMS Res | Max Res |  Linear Solution |
 +----------------------+------+---------+---------+------------------+
 | U-Mom                | 0.62 | 9.6E-04 | 2.5E-02 |       1.6E-01  ok|
 | V-Mom                | 0.80 | 5.3E-04 | 1.2E-02 |       1.6E-01  ok|
 | W-Mom                | 0.76 | 4.4E-04 | 8.1E-03 |       1.9E-01  ok|
 | P-Mass               | 0.61 | 7.6E-05 | 2.8E-03 |  5.2  7.4E-02  OK|
 +----------------------+------+---------+---------+------------------+
 | H-Energy             | 0.81 | 1.3E-03 | 1.9E-02 |  5.4  6.0E-02  OK|
 +----------------------+------+---------+---------+------------------+
 | K-TurbKE             | 0.67 | 1.0E-03 | 1.7E-02 |  5.4  4.5E-02  OK|
 | E-Diss.K             | 0.59 | 8.4E-04 | 2.6E-02 |  7.2  1.3E-02  OK|
 +----------------------+------+---------+---------+------------------+

 ======================================================================
 OUTER LOOP ITERATION =  399 (   10) CPU SECONDS = 2.950E+02 (1.201E+01)
 ----------------------------------------------------------------------
 |       Equation       | Rate | RMS Res | Max Res |  Linear Solution |
 +----------------------+------+---------+---------+------------------+
 | U-Mom                | 0.69 | 6.6E-04 | 1.4E-02 |       6.6E-02  OK|
 | V-Mom                | 0.90 | 4.8E-04 | 1.0E-02 |       5.8E-02  OK|
 | W-Mom                | 0.90 | 4.0E-04 | 5.8E-03 |       4.0E-02  OK|
 | P-Mass               | 0.70 | 5.3E-05 | 1.8E-03 |  9.3  3.3E-02  OK|
 +----------------------+------+---------+---------+------------------+
 | H-Energy             | 0.84 | 1.1E-03 | 2.3E-02 |  5.4  6.0E-02  OK|
 +----------------------+------+---------+---------+------------------+
 | K-TurbKE             | 0.78 | 7.9E-04 | 1.6E-02 |  5.4  5.5E-02  OK|
 | E-Diss.K             | 0.92 | 7.7E-04 | 2.0E-02 |  7.2  1.8E-02  OK|
 +----------------------+------+---------+---------+------------------+

 ======================================================================
 OUTER LOOP ITERATION =  400 (   11) CPU SECONDS = 2.962E+02 (1.323E+01)
 ----------------------------------------------------------------------
 |       Equation       | Rate | RMS Res | Max Res |  Linear Solution |
 +----------------------+------+---------+---------+------------------+
 | U-Mom                | 0.77 | 5.1E-04 | 9.8E-03 |       7.4E-02  OK|
 | V-Mom                | 0.94 | 4.5E-04 | 7.8E-03 |       6.6E-02  OK|
 | W-Mom                | 0.88 | 3.5E-04 | 5.5E-03 |       5.8E-02  OK|
 | P-Mass               | 0.75 | 4.0E-05 | 9.0E-04 |  9.3  5.6E-02  OK|
 +----------------------+------+---------+---------+------------------+
 | H-Energy             | 0.80 | 9.0E-04 | 1.6E-02 |  5.4  5.9E-02  OK|
 +----------------------+------+---------+---------+------------------+
 | K-TurbKE             | 0.86 | 6.8E-04 | 1.2E-02 |  5.4  5.6E-02  OK|
 | E-Diss.K             | 1.13 | 8.7E-04 | 2.2E-02 |  7.2  2.0E-02  OK|
 +----------------------+------+---------+---------+------------------+

 ======================================================================
 |                        Timescale Information                       |
 ----------------------------------------------------------------------
 |       Equation       |         Type          |      Timescale      |
 +----------------------+-----------------------+---------------------+
 | U-Mom                | Auto Timescale        |     1.83686E-01     |
 | V-Mom                | Auto Timescale        |     1.83686E-01     |
 | W-Mom                | Auto Timescale        |     1.83686E-01     |
 +----------------------+-----------------------+---------------------+
 | H-Energy             | Auto Timescale        |     1.83686E-01     |
 +----------------------+-----------------------+---------------------+
 | K-TurbKE             | Auto Timescale        |     1.83686E-01     |
 | E-Diss.K             | Auto Timescale        |     1.83686E-01     |
 +----------------------+-----------------------+---------------------+

 ======================================================================
 OUTER LOOP ITERATION =  401 (   12) CPU SECONDS = 2.974E+02 (1.444E+01)
 ----------------------------------------------------------------------
 |       Equation       | Rate | RMS Res | Max Res |  Linear Solution |
 +----------------------+------+---------+---------+------------------+
 | U-Mom                | 0.76 | 3.9E-04 | 6.4E-03 |       7.6E-02  OK|
 | V-Mom                | 0.84 | 3.8E-04 | 6.1E-03 |       7.1E-02  OK|
 | W-Mom                | 0.82 | 2.9E-04 | 5.3E-03 |       7.0E-02  OK|
 | P-Mass               | 0.92 | 3.7E-05 | 9.9E-04 |  9.3  7.6E-02  OK|
 +----------------------+------+---------+---------+------------------+
 | H-Energy             | 0.79 | 7.2E-04 | 1.4E-02 |  5.4  5.8E-02  OK|
 +----------------------+------+---------+---------+------------------+
 | K-TurbKE             | 0.91 | 6.2E-04 | 1.2E-02 |  5.4  5.5E-02  OK|
 | E-Diss.K             | 1.13 | 9.9E-04 | 2.3E-02 |  7.2  1.8E-02  OK|
 +----------------------+------+---------+---------+------------------+

 ======================================================================
 OUTER LOOP ITERATION =  402 (   13) CPU SECONDS = 2.986E+02 (1.565E+01)
 ----------------------------------------------------------------------
 |       Equation       | Rate | RMS Res | Max Res |  Linear Solution |
 +----------------------+------+---------+---------+------------------+
 | U-Mom                | 0.79 | 3.1E-04 | 5.6E-03 |       7.6E-02  OK|
 | V-Mom                | 0.81 | 3.1E-04 | 5.0E-03 |       7.4E-02  OK|
 | W-Mom                | 0.81 | 2.3E-04 | 5.0E-03 |       7.7E-02  OK|
 | P-Mass               | 0.93 | 3.4E-05 | 7.9E-04 |  9.3  8.7E-02  OK|
 +----------------------+------+---------+---------+------------------+
 | H-Energy             | 0.82 | 5.9E-04 | 1.3E-02 |  5.4  5.8E-02  OK|
 +----------------------+------+---------+---------+------------------+
 | K-TurbKE             | 0.94 | 5.8E-04 | 8.9E-03 |  5.4  5.2E-02  OK|
 | E-Diss.K             | 1.06 | 1.0E-03 | 2.2E-02 |  7.2  1.7E-02  OK|
 +----------------------+------+---------+---------+------------------+

 ======================================================================
 OUTER LOOP ITERATION =  403 (   14) CPU SECONDS = 2.998E+02 (1.684E+01)
 ----------------------------------------------------------------------
 |       Equation       | Rate | RMS Res | Max Res |  Linear Solution |
 +----------------------+------+---------+---------+------------------+
 | U-Mom                | 0.83 | 2.6E-04 | 4.9E-03 |       7.6E-02  OK|
 | V-Mom                | 0.82 | 2.5E-04 | 4.2E-03 |       7.6E-02  OK|
 | W-Mom                | 0.83 | 1.9E-04 | 4.5E-03 |       8.5E-02  OK|
 | P-Mass               | 0.92 | 3.1E-05 | 6.1E-04 |  9.3  9.6E-02  OK|
 +----------------------+------+---------+---------+------------------+
 | H-Energy             | 0.83 | 4.8E-04 | 1.2E-02 |  5.4  5.7E-02  OK|
 +----------------------+------+---------+---------+------------------+
 | K-TurbKE             | 0.96 | 5.6E-04 | 8.4E-03 |  5.4  5.1E-02  OK|
 | E-Diss.K             | 1.01 | 1.1E-03 | 2.1E-02 |  7.2  1.7E-02  OK|
 +----------------------+------+---------+---------+------------------+

 ======================================================================
 OUTER LOOP ITERATION =  404 (   15) CPU SECONDS = 3.011E+02 (1.809E+01)
 ----------------------------------------------------------------------
 |       Equation       | Rate | RMS Res | Max Res |  Linear Solution |
 +----------------------+------+---------+---------+------------------+
 | U-Mom                | 0.85 | 2.2E-04 | 4.2E-03 |       2.8E-02  OK|
 | V-Mom                | 0.86 | 2.2E-04 | 4.0E-03 |       2.8E-02  OK|
 | W-Mom                | 0.85 | 1.6E-04 | 3.9E-03 |       4.6E-02  OK|
 | P-Mass               | 0.92 | 2.9E-05 | 4.8E-04 | 13.5  3.7E-02  OK|
 +----------------------+------+---------+---------+------------------+
 | H-Energy             | 0.85 | 4.1E-04 | 9.4E-03 |  5.4  5.6E-02  OK|
 +----------------------+------+---------+---------+------------------+
 | K-TurbKE             | 0.98 | 5.5E-04 | 6.4E-03 |  5.4  5.0E-02  OK|
 | E-Diss.K             | 1.01 | 1.1E-03 | 2.0E-02 |  7.2  1.7E-02  OK|
 +----------------------+------+---------+---------+------------------+

 ======================================================================
 OUTER LOOP ITERATION =  405 (   16) CPU SECONDS = 3.023E+02 (1.931E+01)
 ----------------------------------------------------------------------
 |       Equation       | Rate | RMS Res | Max Res |  Linear Solution |
 +----------------------+------+---------+---------+------------------+
 | U-Mom                | 0.88 | 1.9E-04 | 4.6E-03 |       2.6E-02  OK|
 | V-Mom                | 0.88 | 1.9E-04 | 3.9E-03 |       2.6E-02  OK|
 | W-Mom                | 0.86 | 1.4E-04 | 3.6E-03 |       4.2E-02  OK|
 | P-Mass               | 0.96 | 2.7E-05 | 4.0E-04 | 13.5  3.5E-02  OK|
 +----------------------+------+---------+---------+------------------+
 | H-Energy             | 0.83 | 3.4E-04 | 8.0E-03 |  5.4  5.6E-02  OK|
 +----------------------+------+---------+---------+------------------+
 | K-TurbKE             | 0.98 | 5.4E-04 | 4.5E-03 |  5.4  4.9E-02  OK|
 | E-Diss.K             | 0.97 | 1.0E-03 | 1.9E-02 |  7.2  1.7E-02  OK|
 +----------------------+------+---------+---------+------------------+

 ======================================================================
 |                        Timescale Information                       |
 ----------------------------------------------------------------------
 |       Equation       |         Type          |      Timescale      |
 +----------------------+-----------------------+---------------------+
 | U-Mom                | Auto Timescale        |     1.80873E-01     |
 | V-Mom                | Auto Timescale        |     1.80873E-01     |
 | W-Mom                | Auto Timescale        |     1.80873E-01     |
 +----------------------+-----------------------+---------------------+
 | H-Energy             | Auto Timescale        |     1.80873E-01     |
 +----------------------+-----------------------+---------------------+
 | K-TurbKE             | Auto Timescale        |     1.80873E-01     |
 | E-Diss.K             | Auto Timescale        |     1.80873E-01     |
 +----------------------+-----------------------+---------------------+

 ======================================================================
 OUTER LOOP ITERATION =  406 (   17) CPU SECONDS = 3.035E+02 (2.055E+01)
 ----------------------------------------------------------------------
 |       Equation       | Rate | RMS Res | Max Res |  Linear Solution |
 +----------------------+------+---------+---------+------------------+
 | U-Mom                | 0.88 | 1.7E-04 | 4.8E-03 |       2.6E-02  OK|
 | V-Mom                | 0.90 | 1.7E-04 | 3.9E-03 |       2.5E-02  OK|
 | W-Mom                | 0.87 | 1.2E-04 | 3.4E-03 |       4.6E-02  OK|
 | P-Mass               | 0.93 | 2.6E-05 | 3.4E-04 | 13.5  3.7E-02  OK|
 +----------------------+------+---------+---------+------------------+
 | H-Energy             | 0.85 | 2.9E-04 | 7.2E-03 |  5.4  5.5E-02  OK|
 +----------------------+------+---------+---------+------------------+
 | K-TurbKE             | 0.98 | 5.3E-04 | 3.3E-03 |  5.4  4.8E-02  OK|
 | E-Diss.K             | 0.96 | 9.9E-04 | 1.7E-02 |  7.2  1.7E-02  OK|
 +----------------------+------+---------+---------+------------------+

 ======================================================================
 OUTER LOOP ITERATION =  407 (   18) CPU SECONDS = 3.048E+02 (2.180E+01)
 ----------------------------------------------------------------------
 |       Equation       | Rate | RMS Res | Max Res |  Linear Solution |
 +----------------------+------+---------+---------+------------------+
 | U-Mom                | 0.89 | 1.5E-04 | 4.9E-03 |       2.6E-02  OK|
 | V-Mom                | 0.91 | 1.6E-04 | 4.0E-03 |       2.5E-02  OK|
 | W-Mom                | 0.88 | 1.1E-04 | 3.1E-03 |       5.0E-02  OK|
 | P-Mass               | 0.94 | 2.4E-05 | 3.0E-04 | 13.5  3.8E-02  OK|
 +----------------------+------+---------+---------+------------------+
 | H-Energy             | 0.86 | 2.5E-04 | 6.8E-03 |  5.4  5.6E-02  OK|
 +----------------------+------+---------+---------+------------------+
 | K-TurbKE             | 0.98 | 5.2E-04 | 3.2E-03 |  5.4  4.8E-02  OK|
 | E-Diss.K             | 0.96 | 9.5E-04 | 1.6E-02 |  7.2  1.7E-02  OK|
 +----------------------+------+---------+---------+------------------+

 ======================================================================
 OUTER LOOP ITERATION =  408 (   19) CPU SECONDS = 3.060E+02 (2.306E+01)
 ----------------------------------------------------------------------
 |       Equation       | Rate | RMS Res | Max Res |  Linear Solution |
 +----------------------+------+---------+---------+------------------+
 | U-Mom                | 0.91 | 1.4E-04 | 5.0E-03 |       2.6E-02  OK|
 | V-Mom                | 0.92 | 1.4E-04 | 4.0E-03 |       2.5E-02  OK|
 | W-Mom                | 0.88 | 9.6E-05 | 2.9E-03 |       5.4E-02  OK|
 | P-Mass               | 0.95 | 2.3E-05 | 2.5E-04 | 13.5  4.0E-02  OK|
 +----------------------+------+---------+---------+------------------+
 | H-Energy             | 0.88 | 2.2E-04 | 6.4E-03 |  5.4  5.7E-02  OK|
 +----------------------+------+---------+---------+------------------+
 | K-TurbKE             | 0.98 | 5.1E-04 | 3.2E-03 |  5.4  4.8E-02  OK|
 | E-Diss.K             | 0.97 | 9.2E-04 | 1.6E-02 |  7.2  1.7E-02  OK|
 +----------------------+------+---------+---------+------------------+

 ======================================================================
 OUTER LOOP ITERATION =  409 (   20) CPU SECONDS = 3.072E+02 (2.428E+01)
 ----------------------------------------------------------------------
 |       Equation       | Rate | RMS Res | Max Res |  Linear Solution |
 +----------------------+------+---------+---------+------------------+
 | U-Mom                | 0.92 | 1.2E-04 | 5.0E-03 |       2.7E-02  OK|
 | V-Mom                | 0.92 | 1.3E-04 | 4.0E-03 |       2.6E-02  OK|
 | W-Mom                | 0.89 | 8.5E-05 | 2.7E-03 |       5.8E-02  OK|
 | P-Mass               | 0.95 | 2.2E-05 | 2.2E-04 | 13.5  4.1E-02  OK|
 +----------------------+------+---------+---------+------------------+
 | H-Energy             | 0.89 | 2.0E-04 | 6.0E-03 |  5.4  5.9E-02  OK|
 +----------------------+------+---------+---------+------------------+
 | K-TurbKE             | 0.98 | 5.0E-04 | 3.1E-03 |  5.4  4.7E-02  OK|
 | E-Diss.K             | 0.97 | 8.9E-04 | 1.5E-02 |  7.2  1.7E-02  OK|
 +----------------------+------+---------+---------+------------------+

 ======================================================================
 OUTER LOOP ITERATION =  410 (   21) CPU SECONDS = 3.085E+02 (2.551E+01)
 ----------------------------------------------------------------------
 |       Equation       | Rate | RMS Res | Max Res |  Linear Solution |
 +----------------------+------+---------+---------+------------------+
 | U-Mom                | 0.93 | 1.2E-04 | 5.0E-03 |       2.7E-02  OK|
 | V-Mom                | 0.92 | 1.2E-04 | 4.0E-03 |       2.6E-02  OK|
 | W-Mom                | 0.90 | 7.7E-05 | 2.6E-03 |       6.1E-02  OK|
 | P-Mass               | 0.95 | 2.1E-05 | 1.9E-04 | 13.5  4.3E-02  OK|
 +----------------------+------+---------+---------+------------------+
 | H-Energy             | 0.91 | 1.8E-04 | 5.7E-03 |  5.4  6.0E-02  OK|
 +----------------------+------+---------+---------+------------------+
 | K-TurbKE             | 0.98 | 4.9E-04 | 3.0E-03 |  5.4  4.7E-02  OK|
 | E-Diss.K             | 0.96 | 8.6E-04 | 1.4E-02 |  7.2  1.8E-02  OK|
 +----------------------+------+---------+---------+------------------+

 ======================================================================
 |                        Timescale Information                       |
 ----------------------------------------------------------------------
 |       Equation       |         Type          |      Timescale      |
 +----------------------+-----------------------+---------------------+
 | U-Mom                | Auto Timescale        |     1.78060E-01     |
 | V-Mom                | Auto Timescale        |     1.78060E-01     |
 | W-Mom                | Auto Timescale        |     1.78060E-01     |
 +----------------------+-----------------------+---------------------+
 | H-Energy             | Auto Timescale        |     1.78060E-01     |
 +----------------------+-----------------------+---------------------+
 | K-TurbKE             | Auto Timescale        |     1.78060E-01     |
 | E-Diss.K             | Auto Timescale        |     1.78060E-01     |
 +----------------------+-----------------------+---------------------+

 ======================================================================
 OUTER LOOP ITERATION =  411 (   22) CPU SECONDS = 3.097E+02 (2.678E+01)
 ----------------------------------------------------------------------
 |       Equation       | Rate | RMS Res | Max Res |  Linear Solution |
 +----------------------+------+---------+---------+------------------+
 | U-Mom                | 0.94 | 1.1E-04 | 5.0E-03 |       2.6E-02  OK|
 | V-Mom                | 0.93 | 1.1E-04 | 4.0E-03 |       2.6E-02  OK|
 | W-Mom                | 0.91 | 7.0E-05 | 2.4E-03 |       6.3E-02  OK|
 | P-Mass               | 0.96 | 2.0E-05 | 2.0E-04 | 13.5  4.3E-02  OK|
 +----------------------+------+---------+---------+------------------+
 | H-Energy             | 0.91 | 1.6E-04 | 5.2E-03 |  5.4  6.0E-02  OK|
 +----------------------+------+---------+---------+------------------+
 | K-TurbKE             | 0.97 | 4.7E-04 | 2.8E-03 |  5.4  4.6E-02  OK|
 | E-Diss.K             | 0.95 | 8.1E-04 | 1.3E-02 |  7.2  1.7E-02  OK|
 +----------------------+------+---------+---------+------------------+

 ======================================================================
 OUTER LOOP ITERATION =  412 (   23) CPU SECONDS = 3.110E+02 (2.801E+01)
 ----------------------------------------------------------------------
 |       Equation       | Rate | RMS Res | Max Res |  Linear Solution |
 +----------------------+------+---------+---------+------------------+
 | U-Mom                | 0.95 | 1.0E-04 | 5.0E-03 |       2.6E-02  OK|
 | V-Mom                | 0.93 | 1.1E-04 | 4.0E-03 |       2.6E-02  OK|
 | W-Mom                | 0.93 | 6.5E-05 | 2.3E-03 |       6.5E-02  OK|
 | P-Mass               | 0.95 | 1.9E-05 | 2.0E-04 | 13.5  4.4E-02  OK|
 +----------------------+------+---------+---------+------------------+
 | H-Energy             | 0.91 | 1.5E-04 | 3.6E-03 |  5.4  6.2E-02  OK|
 +----------------------+------+---------+---------+------------------+
 | K-TurbKE             | 0.97 | 4.6E-04 | 2.7E-03 |  5.4  4.7E-02  OK|
 | E-Diss.K             | 0.95 | 7.7E-04 | 1.3E-02 |  7.2  1.8E-02  OK|
 +----------------------+------+---------+---------+------------------+

 ======================================================================
 OUTER LOOP ITERATION =  413 (   24) CPU SECONDS = 3.122E+02 (2.924E+01)
 ----------------------------------------------------------------------
 |       Equation       | Rate | RMS Res | Max Res |  Linear Solution |
 +----------------------+------+---------+---------+------------------+
 | U-Mom                | 0.95 | 1.0E-04 | 4.9E-03 |       2.6E-02  OK|
 | V-Mom                | 0.94 | 9.9E-05 | 4.0E-03 |       2.6E-02  OK|
 | W-Mom                | 0.94 | 6.1E-05 | 2.3E-03 |       6.7E-02  OK|
 | P-Mass               | 0.96 | 1.8E-05 | 2.0E-04 | 13.5  4.5E-02  OK|
 +----------------------+------+---------+---------+------------------+
 | H-Energy             | 0.92 | 1.4E-04 | 2.6E-03 |  5.4  6.3E-02  OK|
 +----------------------+------+---------+---------+------------------+
 | K-TurbKE             | 0.96 | 4.4E-04 | 2.7E-03 |  5.4  4.7E-02  OK|
 | E-Diss.K             | 0.95 | 7.3E-04 | 1.2E-02 |  7.2  1.8E-02  OK|
 +----------------------+------+---------+---------+------------------+

 ======================================================================
 OUTER LOOP ITERATION =  414 (   25) CPU SECONDS = 3.134E+02 (3.046E+01)
 ----------------------------------------------------------------------
 |       Equation       | Rate | RMS Res | Max Res |  Linear Solution |
 +----------------------+------+---------+---------+------------------+
 | U-Mom                | 0.96 | 9.5E-05 | 4.8E-03 |       2.6E-02  OK|
 | V-Mom                | 0.95 | 9.4E-05 | 3.9E-03 |       2.7E-02  OK|
 | W-Mom                | 0.95 | 5.8E-05 | 2.2E-03 |       6.9E-02  OK|
 | P-Mass               | 0.96 | 1.7E-05 | 2.0E-04 | 13.5  4.6E-02  OK|
 +----------------------+------+---------+---------+------------------+
 | H-Energy             | 0.94 | 1.3E-04 | 2.4E-03 |  5.4  6.3E-02  OK|
 +----------------------+------+---------+---------+------------------+
 | K-TurbKE             | 0.96 | 4.2E-04 | 2.6E-03 |  5.4  4.7E-02  OK|
 | E-Diss.K             | 0.95 | 6.9E-04 | 1.1E-02 |  7.2  1.8E-02  OK|
 +----------------------+------+---------+---------+------------------+

 ======================================================================
 OUTER LOOP ITERATION =  415 (   26) CPU SECONDS = 3.147E+02 (3.172E+01)
 ----------------------------------------------------------------------
 |       Equation       | Rate | RMS Res | Max Res |  Linear Solution |
 +----------------------+------+---------+---------+------------------+
 | U-Mom                | 0.96 | 9.1E-05 | 4.8E-03 |       2.6E-02  OK|
 | V-Mom                | 0.95 | 8.9E-05 | 3.9E-03 |       2.7E-02  OK|
 | W-Mom                | 0.96 | 5.6E-05 | 2.2E-03 |       7.0E-02  OK|
 | P-Mass               | 0.96 | 1.7E-05 | 2.0E-04 | 13.5  4.6E-02  OK|
 +----------------------+------+---------+---------+------------------+
 | H-Energy             | 0.95 | 1.2E-04 | 2.4E-03 |  5.4  6.4E-02  OK|
 +----------------------+------+---------+---------+------------------+
 | K-TurbKE             | 0.96 | 4.1E-04 | 2.5E-03 |  5.4  4.7E-02  OK|
 | E-Diss.K             | 0.95 | 6.6E-04 | 1.1E-02 |  7.2  1.8E-02  OK|
 +----------------------+------+---------+---------+------------------+

 ======================================================================
 |                        Timescale Information                       |
 ----------------------------------------------------------------------
 |       Equation       |         Type          |      Timescale      |
 +----------------------+-----------------------+---------------------+
 | U-Mom                | Auto Timescale        |     1.75459E-01     |
 | V-Mom                | Auto Timescale        |     1.75459E-01     |
 | W-Mom                | Auto Timescale        |     1.75459E-01     |
 +----------------------+-----------------------+---------------------+
 | H-Energy             | Auto Timescale        |     1.75459E-01     |
 +----------------------+-----------------------+---------------------+
 | K-TurbKE             | Auto Timescale        |     1.75459E-01     |
 | E-Diss.K             | Auto Timescale        |     1.75459E-01     |
 +----------------------+-----------------------+---------------------+

 ======================================================================
 OUTER LOOP ITERATION =  416 (   27) CPU SECONDS = 3.159E+02 (3.297E+01)
 ----------------------------------------------------------------------
 |       Equation       | Rate | RMS Res | Max Res |  Linear Solution |
 +----------------------+------+---------+---------+------------------+
 | U-Mom                | 0.95 | 8.7E-05 | 4.6E-03 |       2.5E-02  OK|
 | V-Mom                | 0.96 | 8.6E-05 | 3.9E-03 |       2.7E-02  OK|
 | W-Mom                | 0.97 | 5.4E-05 | 2.2E-03 |       7.0E-02  OK|
 | P-Mass               | 0.97 | 1.6E-05 | 2.0E-04 | 13.5  4.6E-02  OK|
 +----------------------+------+---------+---------+------------------+
 | H-Energy             | 0.95 | 1.1E-04 | 2.1E-03 |  5.4  6.3E-02  OK|
 +----------------------+------+---------+---------+------------------+
 | K-TurbKE             | 0.95 | 3.9E-04 | 2.4E-03 |  5.4  4.6E-02  OK|
 | E-Diss.K             | 0.94 | 6.1E-04 | 9.5E-03 |  7.2  1.8E-02  OK|
 +----------------------+------+---------+---------+------------------+

 ======================================================================
 OUTER LOOP ITERATION =  417 (   28) CPU SECONDS = 3.172E+02 (3.422E+01)
 ----------------------------------------------------------------------
 |       Equation       | Rate | RMS Res | Max Res |  Linear Solution |
 +----------------------+------+---------+---------+------------------+
 | U-Mom                | 0.95 | 8.3E-05 | 4.3E-03 |       2.5E-02  OK|
 | V-Mom                | 0.96 | 8.2E-05 | 3.9E-03 |       2.7E-02  OK|
 | W-Mom                | 0.97 | 5.3E-05 | 2.3E-03 |       7.1E-02  OK|
 | P-Mass               | 0.96 | 1.6E-05 | 1.9E-04 | 13.5  4.7E-02  OK|
 +----------------------+------+---------+---------+------------------+
 | H-Energy             | 0.96 | 1.1E-04 | 1.9E-03 |  5.4  6.3E-02  OK|
 +----------------------+------+---------+---------+------------------+
 | K-TurbKE             | 0.95 | 3.7E-04 | 2.2E-03 |  5.4  4.7E-02  OK|
 | E-Diss.K             | 0.95 | 5.8E-04 | 8.8E-03 |  7.2  1.8E-02  OK|
 +----------------------+------+---------+---------+------------------+

 ======================================================================
 OUTER LOOP ITERATION =  418 (   29) CPU SECONDS = 3.184E+02 (3.545E+01)
 ----------------------------------------------------------------------
 |       Equation       | Rate | RMS Res | Max Res |  Linear Solution |
 +----------------------+------+---------+---------+------------------+
 | U-Mom                | 0.96 | 8.0E-05 | 4.2E-03 |       2.5E-02  OK|
 | V-Mom                | 0.97 | 7.9E-05 | 4.0E-03 |       2.7E-02  OK|
 | W-Mom                | 0.97 | 5.1E-05 | 2.2E-03 |       7.3E-02  OK|
 | P-Mass               | 0.97 | 1.5E-05 | 1.9E-04 | 13.5  4.8E-02  OK|
 +----------------------+------+---------+---------+------------------+
 | H-Energy             | 0.96 | 1.1E-04 | 1.7E-03 |  5.4  6.4E-02  OK|
 +----------------------+------+---------+---------+------------------+
 | K-TurbKE             | 0.95 | 3.5E-04 | 2.0E-03 |  5.4  4.6E-02  OK|
 | E-Diss.K             | 0.95 | 5.5E-04 | 8.2E-03 |  7.2  1.7E-02  OK|
 +----------------------+------+---------+---------+------------------+

 ======================================================================
 OUTER LOOP ITERATION =  419 (   30) CPU SECONDS = 3.196E+02 (3.667E+01)
 ----------------------------------------------------------------------
 |       Equation       | Rate | RMS Res | Max Res |  Linear Solution |
 +----------------------+------+---------+---------+------------------+
 | U-Mom                | 0.97 | 7.7E-05 | 4.1E-03 |       2.5E-02  OK|
 | V-Mom                | 0.97 | 7.7E-05 | 4.0E-03 |       2.7E-02  OK|
 | W-Mom                | 0.97 | 5.0E-05 | 2.2E-03 |       7.4E-02  OK|
 | P-Mass               | 0.97 | 1.5E-05 | 1.9E-04 | 13.5  4.9E-02  OK|
 +----------------------+------+---------+---------+------------------+
 | H-Energy             | 0.97 | 1.0E-04 | 1.5E-03 |  5.4  6.3E-02  OK|
 +----------------------+------+---------+---------+------------------+
 | K-TurbKE             | 0.95 | 3.3E-04 | 2.0E-03 |  5.4  4.6E-02  OK|
 | E-Diss.K             | 0.95 | 5.2E-04 | 7.6E-03 |  7.2  1.7E-02  OK|
 +----------------------+------+---------+---------+------------------+

 ======================================================================
 OUTER LOOP ITERATION =  420 (   31) CPU SECONDS = 3.209E+02 (3.792E+01)
 ----------------------------------------------------------------------
 |       Equation       | Rate | RMS Res | Max Res |  Linear Solution |
 +----------------------+------+---------+---------+------------------+
 | U-Mom                | 0.97 | 7.5E-05 | 4.0E-03 |       2.5E-02  OK|
 | V-Mom                | 0.98 | 7.5E-05 | 4.0E-03 |       2.7E-02  OK|
 | W-Mom                | 0.97 | 4.9E-05 | 2.1E-03 |       7.5E-02  OK|
 | P-Mass               | 0.97 | 1.4E-05 | 1.8E-04 | 13.5  4.9E-02  OK|
 +----------------------+------+---------+---------+------------------+
 | H-Energy             | 0.97 | 9.9E-05 | 1.4E-03 |  5.4  6.3E-02  OK|
 +----------------------+------+---------+---------+------------------+
 | K-TurbKE             | 0.95 | 3.2E-04 | 2.1E-03 |  5.4  4.6E-02  OK|
 | E-Diss.K             | 0.95 | 5.0E-04 | 7.1E-03 |  7.2  1.7E-02  OK|
 +----------------------+------+---------+---------+------------------+
                   
 CFD Solver finished: Mon Dec 10 00:15:30 2018
 CFD Solver wall clock seconds: 3.7844E+01

 ======================================================================
              Termination and Interrupt Condition Summary
 ======================================================================
    
 CFD Solver: All target criteria reached
   (Equation residuals)

 ======================================================================
              Boundary Flow and Total Source Term Summary
 ======================================================================

 +--------------------------------------------------------------------+
 |                               U-Mom                                |
 +--------------------------------------------------------------------+
 Boundary         : Default Domain Default                  1.1257E+01
 Boundary         : in1                                     4.5403E-05
 Boundary         : in2                                    -6.6458E-05
 Boundary         : out                                     8.0534E-01
                                                           -----------
 Domain Imbalance :                                         1.2062E+01

 +--------------------------------------------------------------------+
 |                               V-Mom                                |
 +--------------------------------------------------------------------+
 Boundary         : Default Domain Default                  1.1958E+02
 Boundary         : in1                                     5.6764E+04
 Boundary         : in2                                    -5.6957E+04
 Boundary         : out                                     7.5283E+01
                                                           -----------
 Domain Imbalance :                                         2.5332E+00

 +--------------------------------------------------------------------+
 |                               W-Mom                                |
 +--------------------------------------------------------------------+
 Boundary         : Default Domain Default                 -9.3665E+03
 Boundary         : in1                                    -1.2488E-05
 Boundary         : in2                                    -8.1195E-06
 Boundary         : out                                     9.4033E+03
                                                           -----------
 Domain Imbalance :                                         3.6874E+01

 +--------------------------------------------------------------------+
 |                               P-Mass                               |
 +--------------------------------------------------------------------+
 Boundary         : in1                                     1.5000E+03
 Boundary         : in2                                     1.5000E+03
 Boundary         : out                                    -2.9997E+03
                                                           -----------
 Domain Imbalance :                                         3.3105E-01

 +--------------------------------------------------------------------+
 |                              H-Energy                              |
 +--------------------------------------------------------------------+
 Boundary         : in1                                     1.0569E+08
 Boundary         : in2                                    -8.2484E+07
 Boundary         : out                                    -2.6467E+07
                                                           -----------
 Domain Imbalance :                                        -3.2587E+06


 +--------------------------------------------------------------------+
 |                     Normalised Imbalance Summary                   |
 +--------------------------------------------------------------------+
 |       Equation       |      Maximum Flow     |     Imbalance (%)   |
 +--------------------------------------------------------------------+
 | U-Mom                |       5.6957E+04      |        0.0212       |
 | V-Mom                |       5.6957E+04      |        0.0044       |
 | W-Mom                |       5.6957E+04      |        0.0647       |
 | P-Mass               |       2.9997E+03      |        0.0110       |
 +----------------------+-----------------------+---------------------+
 | H-Energy             |       1.0569E+08      |       -3.0832       |
 +----------------------+-----------------------+---------------------+

 ======================================================================
                     Wall Force and Moment Summary
 ======================================================================
                                                                          
 Notes:
 1. Pressure integrals exclude the reference pressure.  To include
    it, set the expert parameter 'include pref in forces = t'.


 +--------------------------------------------------------------------+
 |                      Pressure Force On Walls                       |
 +--------------------------------------------------------------------+
                                    X-Comp.      Y-Comp.      Z-Comp.

 Domain Group: Default Domain

 Default Domain Default          -6.2812E+00  -1.1200E+02   9.4199E+03
                                  -----------  -----------  -----------
 Domain Group Totals :           -6.2812E+00  -1.1200E+02   9.4199E+03


 +--------------------------------------------------------------------+
 |                       Viscous Force On Walls                       |
 +--------------------------------------------------------------------+
                                    X-Comp.      Y-Comp.      Z-Comp.

 Domain Group: Default Domain

 Default Domain Default          -4.9677E+00  -7.2682E+00  -5.3301E+01
                                  -----------  -----------  -----------
 Domain Group Totals :           -4.9677E+00  -7.2682E+00  -5.3301E+01


 +--------------------------------------------------------------------+
 |                      Pressure Moment On Walls                      |
 +--------------------------------------------------------------------+
                                    X-Comp.      Y-Comp.      Z-Comp.

 Domain Group: Default Domain

 Default Domain Default           4.3239E+02  -7.1210E+02  -1.0108E+05
                                  -----------  -----------  -----------
 Domain Group Totals :            4.3239E+02  -7.1210E+02  -1.0108E+05


 +--------------------------------------------------------------------+
 |                       Viscous Moment On Walls                      |
 +--------------------------------------------------------------------+
                                    X-Comp.      Y-Comp.      Z-Comp.

 Domain Group: Default Domain

 Default Domain Default          -4.8357E+00  -1.5598E+01  -6.2185E+03
                                  -----------  -----------  -----------
 Domain Group Totals :           -4.8357E+00  -1.5598E+01  -6.2185E+03


 +--------------------------------------------------------------------+
 |                   Locations of Maximum Residuals                   |
 +--------------------------------------------------------------------+
 |       Equation       |      Domain Name      |     Node Number     |
 +--------------------------------------------------------------------+
 | U-Mom                | Default Domain        |          25305      |
 | V-Mom                | Default Domain        |          25305      |
 | W-Mom                | Default Domain        |          25326      |
 | P-Mass               | Default Domain        |          26431      |
 +----------------------+-----------------------+---------------------+
 | H-Energy             | Default Domain        |          25326      |
 +----------------------+-----------------------+---------------------+
 | K-TurbKE             | Default Domain        |          20112      |
 | E-Diss.K             | Default Domain        |          26563      |
 +----------------------+-----------------------+---------------------+

 ======================================================================
 |                     False Transient Information                    |
 +--------------------------------------------------------------------+
 |       Equation       |         Type          | Elapsed Pseudo-Time |
 +--------------------------------------------------------------------+
 | U-Mom                | Auto Timescale        |     5.58134E+00     |
 | V-Mom                | Auto Timescale        |     5.58134E+00     |
 | W-Mom                | Auto Timescale        |     5.58134E+00     |
 +----------------------+-----------------------+---------------------+
 | H-Energy             | Auto Timescale        |     5.58134E+00     |
 +----------------------+-----------------------+---------------------+
 | K-TurbKE             | Auto Timescale        |     5.58134E+00     |
 | E-Diss.K             | Auto Timescale        |     5.58134E+00     |
 +----------------------+-----------------------+---------------------+

 +--------------------------------------------------------------------+
 |                     Average Scale Information                      |
 +--------------------------------------------------------------------+

 Domain Name : Default Domain
     Global Length                                         = 3.2431E+00
     Minimum Extent                                        = 4.0000E+00
     Maximum Extent                                        = 6.0000E+00
     Density                                               = 9.9700E+02
     Dynamic Viscosity                                     = 8.8990E-04
     Velocity                                              = 5.8410E+00
     Advection Time                                        = 5.5523E-01
     Reynolds Number                                       = 2.1223E+07
     Thermal Conductivity                                  = 6.0690E-01
     Specific Heat Capacity at Constant Pressure           = 4.1817E+03
     Prandtl Number                                        = 6.1316E+00
     Temperature Range                                     = 3.0019E+01

 +--------------------------------------------------------------------+
 |                     Variable Range Information                     |
 +--------------------------------------------------------------------+

 Domain Name : Default Domain
 +--------------------------------------------------------------------+
 |      Variable Name                         |    min    |    max    |
 +--------------------------------------------------------------------+
 | Density                                    |  9.97E+02 |  9.97E+02 |
 | Specific Heat Capacity at Constant Pressure|  4.18E+03 |  4.18E+03 |
 | Dynamic Viscosity                          |  8.90E-04 |  8.90E-04 |
 | Thermal Conductivity                       |  6.07E-01 |  6.07E-01 |
 | Static Entropy                             | -1.89E+02 |  2.30E+02 |
 | Velocity u                                 | -6.96E+00 |  6.94E+00 |
 | Velocity v                                 | -7.28E+00 |  7.28E+00 |
 | Velocity w                                 | -4.73E+00 |  2.03E+00 |
 | Pressure                                   | -8.94E+03 |  7.16E+04 |
 | Turbulence Kinetic Energy                  |  1.06E-04 |  3.30E+00 |
 | Turbulence Eddy Dissipation                |  2.92E-04 |  1.30E+02 |
 | Eddy Viscosity                             |  1.22E-03 |  3.04E+02 |
 | Temperature                                |  2.85E+02 |  3.15E+02 |
 | Static Enthalpy                            | -5.50E+04 |  7.05E+04 |
 +--------------------------------------------------------------------+

 +--------------------------------------------------------------------+
 |               CPU Requirements of Numerical Solution               |
 +--------------------------------------------------------------------+

 Subsystem Name                  Discretization       Linear Solution
                                (secs.   %total)     (secs.   %total) 
 ----------------------------------------------------------------------
 Momentum and Mass              1.36E+01  34.1 %     3.72E+00   9.3 %
 Heat Transfer                  4.53E+00  11.4 %     1.44E+00   3.6 %
 TurbKE and Diss.K              6.93E+00  17.4 %     3.20E+00   8.0 %
                                -------- -------     --------  ------
 Subsystem Summary              2.50E+01  62.8 %     8.35E+00  20.9 %

 File Reading                   2.60E-02    0.1 %
 Variable Updates               4.22E+00   10.6 %
 File Writing                   4.25E-01    1.1 %
 Miscellaneous                  1.83E+00    4.6 %
                                --------
 Total                          3.99E+01

 +--------------------------------------------------------------------+
 |                   Job Information at End of Run                    |
 +--------------------------------------------------------------------+

 Host computer:  JAMIE-DESKTOP (PID:14512)

 Job finished:   Mon Dec 10 00:15:30 2018

 Total wall clock time: 3.989E+01 seconds
             or: (          0:         0:         0:    39.889 )
                 (       Days:     Hours:   Minutes:   Seconds )

End of solution stage.

 +--------------------------------------------------------------------+
 | The results from this run of the ANSYS CFX Solver have been        |
 | written to B:/Documents/GitProjects/CFD/Stick/CFD                  |
 | BackUps/CFD-Static-Mixer/StaticMixerDX_pending/dp13_CFX_Solution/- |
 | Fluid Flow CFX_009.res                                             |
 +--------------------------------------------------------------------+


 +--------------------------------------------------------------------+
 | For CFX runs launched from Workbench, the final locations of       |
 | directories and files generated may differ from those shown.       |
 +--------------------------------------------------------------------+


This run of the ANSYS CFX Solver has finished.
